app/dashboard-bundui/file-manager/hooks/useFileManagerData.ts(439,15): error TS2345: Argument of type '{ date: string; uploads: number; downloads: number; size: number; }' is not assignable to parameter of type 'never'.
app/dashboard-bundui/file-manager/hooks/useFileManagerData.ts(453,16): error TS2345: Argument of type '{ hour: number; transfers: number; peak_type: "download" | "upload"; }' is not assignable to parameter of type 'never'.
app/dashboard-bundui/file-manager/hooks/useFileManagerData.ts(501,5): error TS2322: Type 'null' is not assignable to type 'string | undefined'.
app/dashboard-bundui/file-manager/hooks/useFileManagerData.ts(543,5): error TS2322: Type 'null' is not assignable to type 'string | undefined'.
app/dashboard-bundui/file-manager/hooks/useFileOperations.ts(109,3): error TS2322: Type 'null' is not assignable to type 'string | undefined'.
app/dashboard-bundui/file-manager/hooks/useFileOperations.ts(148,55): error TS2339: Property 'message' does not exist on type 'never'.
app/dashboard-bundui/file-manager/hooks/useFileOperations.ts(182,52): error TS2339: Property 'message' does not exist on type 'never'.
app/dashboard-bundui/file-manager/hooks/useFileOperations.ts(235,59): error TS2339: Property 'message' does not exist on type 'never'.
app/dashboard-bundui/file-manager/hooks/useFileOperations.ts(301,63): error TS2339: Property 'message' does not exist on type 'never'.
app/dashboard-bundui/file-manager/hooks/useFileOperations.ts(494,58): error TS2339: Property 'message' does not exist on type 'never'.
app/dashboard-bundui/kanban/components/kanban-board.tsx(320,36): error TS2345: Argument of type 'string' is not assignable to parameter of type 'never'.
app/dashboard-bundui/kanban/components/kanban-board.tsx(321,38): error TS2345: Argument of type 'string' is not assignable to parameter of type 'never'.
app/dashboard-bundui/kanban/components/kanban-board.tsx(322,34): error TS2345: Argument of type 'string' is not assignable to parameter of type 'never'.
app/dashboard-bundui/kanban/components/kanban-board.tsx(642,52): error TS2322: Type '{ children: Element; key: string; value: string; asHandle: true; asChild: true; }' is not assignable to type 'IntrinsicAttributes & ClassAttributes<HTMLDivElement> & HTMLAttributes<HTMLDivElement> & VariantProps<...> & { ...; }'.
  Property 'value' does not exist on type 'IntrinsicAttributes & ClassAttributes<HTMLDivElement> & HTMLAttributes<HTMLDivElement> & VariantProps<...> & { ...; }'.
app/dashboard-bundui/pos-system/pos-system-menu.tsx(12,8): error TS2307: Cannot find module '@/app/dashboard/(auth)/apps/pos-system/store' or its corresponding type declarations.
app/dashboard-bundui/project-management/components/chart-project-overview.tsx(38,15): error TS2345: Argument of type '{ date: string; desktop: number; mobile: number; }' is not assignable to parameter of type 'never'.
app/dashboard-bundui/project-management/components/chart-project-overview.tsx(75,32): error TS2339: Property 'date' does not exist on type 'never'.
app/dashboard-bundui/projects-v2/components/chart-project-overview.tsx(39,19): error TS2345: Argument of type '{ date: string; desktop: number; mobile: number; }' is not assignable to parameter of type 'never'.
app/dashboard-bundui/projects-v2/components/chart-project-overview.tsx(77,36): error TS2339: Property 'date' does not exist on type 'never'.
app/dashboard-bundui/sales/hooks/useSalesFilters.ts(186,5): error TS2322: Type 'boolean | undefined' is not assignable to type 'boolean'.
  Type 'undefined' is not assignable to type 'boolean'.
app/dashboard-bundui/sales/hooks/useSalesFilters.ts(284,5): error TS2322: Type 'boolean | undefined' is not assignable to type 'boolean'.
  Type 'undefined' is not assignable to type 'boolean'.
app/dashboard-bundui/tenant-admin/page.tsx(4,30): error TS2307: Cannot find module '../../projects-v2/components/summary-cards' or its corresponding type declarations.
app/dashboard-bundui/tenant-admin/page.tsx(5,34): error TS2307: Cannot find module '../../default/components/total-revenue' or its corresponding type declarations.
app/dashboard-bundui/website-analytics/components/earning-reports-card.tsx(24,30): error TS2307: Cannot find module '@/components/CardActionMenus' or its corresponding type declarations.
app/dashboard-bundui/website-analytics/components/monthly-campaign-state.tsx(3,18): error TS2307: Cannot find module '@/components/icon' or its corresponding type declarations.
app/dashboard-vibethink/crm/hooks/useCrmFilters.ts(192,26): error TS2345: Argument of type 'string' is not assignable to parameter of type 'never'.
app/dashboard-vibethink/crm/hooks/useCrmFilters.ts(195,26): error TS2345: Argument of type 'string' is not assignable to parameter of type 'never'.
app/dashboard-vibethink/crm/hooks/useCrmFilters.ts(198,26): error TS2345: Argument of type 'string' is not assignable to parameter of type 'never'.
app/dashboard-vibethink/crm/hooks/useCrmFilters.ts(201,26): error TS2345: Argument of type 'string' is not assignable to parameter of type 'never'.
app/dashboard-vibethink/crm/hooks/useCrmFilters.ts(206,26): error TS2345: Argument of type 'string' is not assignable to parameter of type 'never'.
app/dashboard-vibethink/file-manager/hooks/useFileManagerData.ts(439,15): error TS2345: Argument of type '{ date: string; uploads: number; downloads: number; size: number; }' is not assignable to parameter of type 'never'.
app/dashboard-vibethink/file-manager/hooks/useFileManagerData.ts(453,16): error TS2345: Argument of type '{ hour: number; transfers: number; peak_type: "download" | "upload"; }' is not assignable to parameter of type 'never'.
app/dashboard-vibethink/file-manager/hooks/useFileManagerData.ts(501,5): error TS2322: Type 'null' is not assignable to type 'string | undefined'.
app/dashboard-vibethink/file-manager/hooks/useFileManagerData.ts(543,5): error TS2322: Type 'null' is not assignable to type 'string | undefined'.
app/dashboard-vibethink/file-manager/hooks/useFileOperations.ts(109,3): error TS2322: Type 'null' is not assignable to type 'string | undefined'.
app/dashboard-vibethink/file-manager/hooks/useFileOperations.ts(148,55): error TS2339: Property 'message' does not exist on type 'never'.
app/dashboard-vibethink/file-manager/hooks/useFileOperations.ts(182,52): error TS2339: Property 'message' does not exist on type 'never'.
app/dashboard-vibethink/file-manager/hooks/useFileOperations.ts(235,59): error TS2339: Property 'message' does not exist on type 'never'.
app/dashboard-vibethink/file-manager/hooks/useFileOperations.ts(301,63): error TS2339: Property 'message' does not exist on type 'never'.
app/dashboard-vibethink/file-manager/hooks/useFileOperations.ts(494,58): error TS2339: Property 'message' does not exist on type 'never'.
app/dashboard-vibethink/kanban/components/kanban-board.tsx(320,36): error TS2345: Argument of type 'string' is not assignable to parameter of type 'never'.
app/dashboard-vibethink/kanban/components/kanban-board.tsx(321,38): error TS2345: Argument of type 'string' is not assignable to parameter of type 'never'.
app/dashboard-vibethink/kanban/components/kanban-board.tsx(322,34): error TS2345: Argument of type 'string' is not assignable to parameter of type 'never'.
app/dashboard-vibethink/kanban/components/kanban-board.tsx(642,52): error TS2322: Type '{ children: Element; key: string; value: string; asHandle: true; asChild: true; }' is not assignable to type 'IntrinsicAttributes & ClassAttributes<HTMLDivElement> & HTMLAttributes<HTMLDivElement> & VariantProps<...> & { ...; }'.
  Property 'value' does not exist on type 'IntrinsicAttributes & ClassAttributes<HTMLDivElement> & HTMLAttributes<HTMLDivElement> & VariantProps<...> & { ...; }'.
app/dashboard-vibethink/notes/components/AddNoteModal.tsx(56,9): error TS2322: Type 'string | null' is not assignable to type 'string | undefined'.
  Type 'null' is not assignable to type 'string | undefined'.
app/dashboard-vibethink/notes/hooks/useNoteEditor.ts(18,29): error TS2307: Cannot find module '@/shared/hooks/hooks/base/useDebounce' or its corresponding type declarations.
app/dashboard-vibethink/notes/hooks/useNoteFilters.ts(18,29): error TS2307: Cannot find module '@/shared/hooks/hooks/base/useDebounce' or its corresponding type declarations.
app/dashboard-vibethink/notes/hooks/useNotesData.ts(420,7): error TS2322: Type 'string | null' is not assignable to type 'string | undefined'.
  Type 'null' is not assignable to type 'string | undefined'.
app/dashboard-vibethink/pos-system/components/products/InventoryControl.tsx(34,85): error TS18048: 'p.cost' is possibly 'undefined'.
app/dashboard-vibethink/pos-system/hooks/usePosData.ts(4,28): error TS2307: Cannot find module '@/integrations/supabase/client' or its corresponding type declarations.
app/dashboard-vibethink/sales/hooks/useSalesFilters.ts(186,5): error TS2322: Type 'boolean | undefined' is not assignable to type 'boolean'.
  Type 'undefined' is not assignable to type 'boolean'.
app/dashboard-vibethink/sales/hooks/useSalesFilters.ts(284,5): error TS2322: Type 'boolean | undefined' is not assignable to type 'boolean'.
  Type 'undefined' is not assignable to type 'boolean'.
app/dashboard-vibethink/website-analytics/page.tsx(149,50): error TS2339: Property 'message' does not exist on type 'never'.
app/dashboard-vibethink/workflow/components/workflow-canvas.tsx(123,11): error TS2322: Type '"dots"' is not assignable to type 'BackgroundVariant | undefined'.
app/projects/page.tsx(254,15): error TS2322: Type '{ key: number; title: string; description: string; status: "active" | "pending" | "completed" | "archived"; progress: number; members: { name: string; avatar: string; role: string; }[] | { name: string; avatar: string; role: string; }[] | { ...; }[] | { ...; }[]; dueDate: string; budget: string; category: string; pr...' is not assignable to type 'IntrinsicAttributes & ProjectCardProps'.
  Property 'status' does not exist on type 'IntrinsicAttributes & ProjectCardProps'.
app/test-charts/page.tsx(7,30): error TS2307: Cannot find module '@/shared/components/dashboard/RevenueChart' or its corresponding type declarations.
app/test-charts/page.tsx(8,28): error TS2307: Cannot find module '@/shared/components/dashboard/MetricCard' or its corresponding type declarations.
apps/dashboard/components/ui/custom/prompt/input.tsx(3,26): error TS2307: Cannot find module '@/components/ui/textarea' or its corresponding type declarations.
lib/types/ai-context.ts(62,9): error TS2322: Type 'readonly [] | readonly ["gpt-3.5-turbo"] | readonly ["gpt-3.5-turbo", "gpt-4", "claude-3-opus"]' is not assignable to type 'string[]'.
  The type 'readonly []' is 'readonly' and cannot be assigned to the mutable type 'string[]'.
src/components/feature-gate.tsx(49,47): error TS2769: No overload matches this call.
  The last overload gave the following error.
    Object literal may only specify known properties, and 'disabled' does not exist in type 'Partial<unknown> & Attributes'.
src/components/feature-gate.tsx(49,77): error TS18046: 'children.props' is of type 'unknown'.
src/components/ui/custom/prompt/input.tsx(3,26): error TS2307: Cannot find module '@/components/ui/textarea' or its corresponding type declarations.
src/lib/ai/__tests__/agent-context-pack.test.ts(10,50): error TS2307: Cannot find module '@jest/globals' or its corresponding type declarations.
src/lib/ai/provider.ts(14,15): error TS2305: Module '"ai"' has no exported member 'CoreMessage'.
src/lib/i18n/cli/commands/review.ts(131,33): error TS2345: Argument of type '{ action: "use_existing" | "create_new" | "skip"; key?: string | undefined; namespace?: string | undefined; notes?: string | undefined; } | undefined' is not assignable to parameter of type '{ action: "use_existing" | "create_new" | "skip"; key?: string | undefined; namespace?: string | undefined; notes?: string | undefined; }'.
  Type 'undefined' is not assignable to type '{ action: "use_existing" | "create_new" | "skip"; key?: string | undefined; namespace?: string | undefined; notes?: string | undefined; }'.
src/lib/i18n/client.tsx(12,32): error TS2307: Cannot find module 'i18next-resources-to-backend' or its corresponding type declarations.
src/lib/i18n/context.tsx(386,39): error TS2345: Argument of type 'string | Record<string, string | number | boolean> | undefined' is not assignable to parameter of type 'string'.
  Type 'undefined' is not assignable to type 'string'.
src/lib/i18n/loader-impl.ts(30,47): error TS2345: Argument of type 'string' is not assignable to parameter of type 'Locale'.
src/lib/i18n/server.ts(9,32): error TS2307: Cannot find module 'i18next-resources-to-backend' or its corresponding type declarations.
src/middleware/api-key-validator.test.ts(1,32): error TS2307: Cannot find module '../api-key-validator' or its corresponding type declarations.
src/middleware/api-key-validator.ts(115,10): error TS2339: Property 'catch' does not exist on type 'PromiseLike<void>'.
src/shared/data/bundui-nav-items.ts(113,9): error TS2353: Object literal may only specify known properties, and 'badge' does not exist in type '{ title: string; href: string; icon?: LucideIcon | undefined; isComing?: boolean | undefined; isDataBadge?: string | undefined; isNew?: boolean | undefined; newTab?: boolean | undefined; items?: NavItem | undefined; }'.
tailwind.config.ts(5,29): error TS2307: Cannot find module 'tailwindcss' or its corresponding type declarations.
  There are types at 'C:/IA Marcelo Labs/vibethink-orchestrator-main/apps/dashboard/node_modules/tailwindcss/dist/lib.d.mts', but this result could not be resolved under your current 'moduleResolution' setting. Consider updating to 'node16', 'nodenext', or 'bundler'.
../../packages/ui/src/components/calendar.tsx(63,9): error TS2353: Object literal may only specify known properties, and 'IconLeft' does not exist in type 'Partial<CustomComponents>'.
../../packages/ui/src/components/extensions/minimal-tiptap/minimal-tiptap.tsx(5,44): error TS2614: Module '"./hooks/use-minimal-tiptap"' has no exported member 'RichTextI18nLabels'. Did you mean to use 'import RichTextI18nLabels from "./hooks/use-minimal-tiptap"' instead?
../../packages/ui/src/components/extensions/minimal-tiptap/minimal-tiptap.tsx(71,41): error TS2322: Type '{ editor: Editor; labels: any; }' is not assignable to type 'IntrinsicAttributes & LinkBubbleMenuProps'.
  Property 'labels' does not exist on type 'IntrinsicAttributes & LinkBubbleMenuProps'.
../../packages/ui/src/components/extensions/reel.tsx(122,28): error TS2538: Type 'undefined' cannot be used as an index type.
../../packages/ui/src/components/extensions/reel.tsx(127,9): error TS2322: Type 'number | undefined' is not assignable to type 'number'.
  Type 'undefined' is not assignable to type 'number'.
../../packages/ui/src/components/extensions/reel.tsx(129,9): error TS2322: Type 'boolean | undefined' is not assignable to type 'boolean'.
  Type 'undefined' is not assignable to type 'boolean'.
../../packages/ui/src/components/extensions/reel.tsx(131,9): error TS2322: Type 'boolean | undefined' is not assignable to type 'boolean'.
  Type 'undefined' is not assignable to type 'boolean'.
../../packages/ui/src/components/layout/notifications.tsx(136,5): error TS2353: Object literal may only specify known properties, and 'has_notification' does not exist in type 'Notification'.
