app/dashboard-bundui/academy/components/courses-list.tsx(17,37): error TS2724: '"@vibethink/ui/icons"' has no exported member named 'MoreHorizontalIcon'. Did you mean 'MoreHorizontal'?
app/dashboard-bundui/academy/components/courses-list.tsx(17,57): error TS2305: Module '"@vibethink/ui/icons"' has no exported member 'StarIcon'.
app/dashboard-bundui/academy/components/learning-path-card.tsx(1,24): error TS2305: Module '"@vibethink/ui/icons"' has no exported member 'GitBranch'.
app/dashboard-bundui/academy/components/progress-statistics-card.tsx(5,10): error TS2724: '"@vibethink/ui/icons"' has no exported member named 'CalendarCheck2Icon'. Did you mean 'CalendarIcon'?
app/dashboard-bundui/academy/components/progress-statistics-card.tsx(5,30): error TS2724: '"@vibethink/ui/icons"' has no exported member named 'CalendarClockIcon'. Did you mean 'CalendarIcon'?
app/dashboard-bundui/ai-chat-v2/components/ai-chat-interface.tsx(9,3): error TS2305: Module '"@vibethink/ui/icons"' has no exported member 'BrainIcon'.
app/dashboard-bundui/ai-chat-v2/components/ai-chat-interface.tsx(10,3): error TS2305: Module '"@vibethink/ui/icons"' has no exported member 'DribbbleIcon'.
app/dashboard-bundui/ai-chat-v2/components/ai-chat-interface.tsx(11,3): error TS2305: Module '"@vibethink/ui/icons"' has no exported member 'GlobeIcon'.
app/dashboard-bundui/ai-chat-v2/components/ai-chat-interface.tsx(12,3): error TS2305: Module '"@vibethink/ui/icons"' has no exported member 'MicIcon'.
app/dashboard-bundui/ai-chat-v2/components/ai-chat-interface.tsx(13,3): error TS2305: Module '"@vibethink/ui/icons"' has no exported member 'Paperclip'.
app/dashboard-bundui/ai-chat-v2/components/ai-chat-interface.tsx(14,3): error TS2305: Module '"@vibethink/ui/icons"' has no exported member 'SquareIcon'.
app/dashboard-bundui/ai-chat-v2/components/ai-chat-interface.tsx(15,3): error TS2305: Module '"@vibethink/ui/icons"' has no exported member 'ThumbsDownIcon'.
app/dashboard-bundui/ai-chat-v2/components/ai-chat-interface.tsx(16,3): error TS2305: Module '"@vibethink/ui/icons"' has no exported member 'ThumbsUpIcon'.
app/dashboard-bundui/ai-chat-v2/components/ai-chat-sidebar.tsx(7,10): error TS2305: Module '"@vibethink/ui/icons"' has no exported member 'Compass'.
app/dashboard-bundui/ai-chat-v2/components/ai-chat-sidebar.tsx(7,19): error TS2305: Module '"@vibethink/ui/icons"' has no exported member 'Library'.
app/dashboard-bundui/ai-chat-v2/components/ai-chat-sidebar.tsx(7,28): error TS2305: Module '"@vibethink/ui/icons"' has no exported member 'History'.
app/dashboard-bundui/ai-chat-v2/components/ai-chat-sidebar.tsx(7,67): error TS2305: Module '"@vibethink/ui/icons"' has no exported member 'Ellipsis'.
app/dashboard-bundui/ai-chat-v2/components/ai-upgrade-modal.tsx(4,17): error TS2305: Module '"@vibethink/ui/icons"' has no exported member 'Crown'.
app/dashboard-bundui/ai-chat/components/ChatHeader.tsx(30,3): error TS2724: '"@vibethink/ui/icons"' has no exported member named 'Share2'. Did you mean 'Share'?
app/dashboard-bundui/ai-chat/components/ChatHeader.tsx(33,3): error TS2305: Module '"@vibethink/ui/icons"' has no exported member 'Bot'.
app/dashboard-bundui/ai-chat/components/ChatHeader.tsx(34,3): error TS2305: Module '"@vibethink/ui/icons"' has no exported member 'MessageSquare'.
app/dashboard-bundui/ai-chat/components/ChatInput.tsx(35,3): error TS2305: Module '"@vibethink/ui/icons"' has no exported member 'Send'.
app/dashboard-bundui/ai-chat/components/ChatInput.tsx(36,3): error TS2305: Module '"@vibethink/ui/icons"' has no exported member 'Paperclip'.
app/dashboard-bundui/ai-chat/components/ChatInput.tsx(37,3): error TS2305: Module '"@vibethink/ui/icons"' has no exported member 'Mic'.
app/dashboard-bundui/ai-chat/components/ChatInput.tsx(38,3): error TS2305: Module '"@vibethink/ui/icons"' has no exported member 'Smile'.
app/dashboard-bundui/ai-chat/components/ChatInput.tsx(42,3): error TS2305: Module '"@vibethink/ui/icons"' has no exported member 'Image'.
app/dashboard-bundui/ai-chat/components/ChatMessages.tsx(24,3): error TS2305: Module '"@vibethink/ui/icons"' has no exported member 'MessageSquare'.
app/dashboard-bundui/ai-chat/components/ChatSettings.tsx(43,3): error TS2305: Module '"@vibethink/ui/icons"' has no exported member 'Bot'.
app/dashboard-bundui/ai-chat/components/ChatSettings.tsx(45,3): error TS2305: Module '"@vibethink/ui/icons"' has no exported member 'Sliders'.
app/dashboard-bundui/ai-chat/components/ChatSettings.tsx(46,3): error TS2305: Module '"@vibethink/ui/icons"' has no exported member 'Shield'.
app/dashboard-bundui/ai-chat/components/ChatSettings.tsx(49,3): error TS2305: Module '"@vibethink/ui/icons"' has no exported member 'RotateCcw'.
app/dashboard-bundui/ai-chat/components/ChatSidebar.tsx(30,3): error TS2305: Module '"@vibethink/ui/icons"' has no exported member 'MessageSquarePlus'.
app/dashboard-bundui/ai-chat/components/ChatSidebar.tsx(35,3): error TS2305: Module '"@vibethink/ui/icons"' has no exported member 'Archive'.
app/dashboard-bundui/ai-chat/components/ChatSidebar.tsx(37,3): error TS2305: Module '"@vibethink/ui/icons"' has no exported member 'Bot'.
app/dashboard-bundui/ai-chat/components/FileUpload.tsx(26,3): error TS2305: Module '"@vibethink/ui/icons"' has no exported member 'Image'.
app/dashboard-bundui/ai-chat/components/MessageBubble.tsx(34,3): error TS2305: Module '"@vibethink/ui/icons"' has no exported member 'Bot'.
app/dashboard-bundui/ai-chat/components/ModelSelector.tsx(37,3): error TS2305: Module '"@vibethink/ui/icons"' has no exported member 'Bot'.
app/dashboard-bundui/ai-chat/components/ModelSelector.tsx(40,3): error TS2305: Module '"@vibethink/ui/icons"' has no exported member 'Calculator'.
app/dashboard-bundui/ai-chat/components/ModelSelector.tsx(41,3): error TS2305: Module '"@vibethink/ui/icons"' has no exported member 'DollarSign'.
app/dashboard-bundui/ai-chat/components/TypingIndicator.tsx(20,10): error TS2305: Module '"@vibethink/ui/icons"' has no exported member 'Bot'.
app/dashboard-bundui/ai-chat/page.tsx(36,10): error TS2305: Module '"@vibethink/ui/icons"' has no exported member 'MessageSquarePlus'.
app/dashboard-bundui/ai-chat/page.tsx(36,49): error TS2305: Module '"@vibethink/ui/icons"' has no exported member 'Sliders'.
app/dashboard-bundui/ai-image-generator/components/history-sheet.tsx(14,10): error TS2305: Module '"@vibethink/ui/icons"' has no exported member 'History'.
app/dashboard-bundui/ai-image-generator/components/image-gallery.tsx(2,10): error TS2305: Module '"@vibethink/ui/icons"' has no exported member 'Image'.
app/dashboard-bundui/ai-image-generator/components/image-generator-form.tsx(15,10): error TS2305: Module '"@vibethink/ui/icons"' has no exported member 'Wand2'.
app/dashboard-bundui/ai-image-generator/components/image-generator-form.tsx(15,17): error TS2305: Module '"@vibethink/ui/icons"' has no exported member 'Palette'.
app/dashboard-bundui/ai-image-generator/components/image-generator-form.tsx(15,26): error TS2305: Module '"@vibethink/ui/icons"' has no exported member 'Image'.
app/dashboard-bundui/ai-image-generator/components/image-generator.tsx(4,10): error TS2305: Module '"@vibethink/ui/icons"' has no exported member 'Wand2'.
app/dashboard-bundui/ai-image-generator/components/image-generator.tsx(4,17): error TS2305: Module '"@vibethink/ui/icons"' has no exported member 'DownloadCloud'.
app/dashboard-bundui/analytics/components/AnalyticsHeader.tsx(4,10): error TS2724: '"@vibethink/ui/icons"' has no exported member named 'CalendarDays'. Did you mean 'Calendar'?
app/dashboard-bundui/analytics/components/AverageDailySales.tsx(6,10): error TS2305: Module '"@vibethink/ui/icons"' has no exported member 'TrendingDown'.
app/dashboard-bundui/analytics/components/EarningReportsCard.tsx(4,10): error TS2305: Module '"@vibethink/ui/icons"' has no exported member 'TrendingUp'.
app/dashboard-bundui/analytics/components/EarningReportsCard.tsx(4,22): error TS2305: Module '"@vibethink/ui/icons"' has no exported member 'DollarSign'.
app/dashboard-bundui/analytics/components/EarningReportsCard.tsx(4,44): error TS2724: '"@vibethink/ui/icons"' has no exported member named 'BarChart3'. Did you mean 'BarChart'?
app/dashboard-bundui/analytics/components/MonthlyCampaignState.tsx(4,10): error TS2305: Module '"@vibethink/ui/icons"' has no exported member 'Megaphone'.
app/dashboard-bundui/analytics/components/MonthlyCampaignState.tsx(4,21): error TS2305: Module '"@vibethink/ui/icons"' has no exported member 'Target'.
app/dashboard-bundui/analytics/components/MonthlyCampaignState.tsx(4,29): error TS2305: Module '"@vibethink/ui/icons"' has no exported member 'TrendingUp'.
app/dashboard-bundui/analytics/components/MonthlyCampaignState.tsx(4,46): error TS2305: Module '"@vibethink/ui/icons"' has no exported member 'MousePointer'.
app/dashboard-bundui/analytics/components/SalesByCountriesCard.tsx(4,17): error TS2305: Module '"@vibethink/ui/icons"' has no exported member 'TrendingUp'.
app/dashboard-bundui/analytics/components/SalesByCountriesCard.tsx(4,29): error TS2305: Module '"@vibethink/ui/icons"' has no exported member 'TrendingDown'.
app/dashboard-bundui/analytics/components/SalesOverflowCard.tsx(4,10): error TS2305: Module '"@vibethink/ui/icons"' has no exported member 'TrendingUp'.
app/dashboard-bundui/analytics/components/SalesOverflowCard.tsx(4,22): error TS2305: Module '"@vibethink/ui/icons"' has no exported member 'TrendingDown'.
app/dashboard-bundui/analytics/components/SalesOverflowCard.tsx(4,36): error TS2305: Module '"@vibethink/ui/icons"' has no exported member 'ShoppingCart'.
app/dashboard-bundui/analytics/components/SalesOverflowCard.tsx(4,50): error TS2305: Module '"@vibethink/ui/icons"' has no exported member 'Target'.
app/dashboard-bundui/analytics/components/SimplifiedEarningReportsCard.tsx(3,10): error TS2305: Module '"@vibethink/ui/icons"' has no exported member 'TrendingUp'.
app/dashboard-bundui/analytics/components/SimplifiedEarningReportsCard.tsx(3,22): error TS2305: Module '"@vibethink/ui/icons"' has no exported member 'DollarSign'.
app/dashboard-bundui/analytics/components/SimplifiedEarningReportsCard.tsx(3,34): error TS2724: '"@vibethink/ui/icons"' has no exported member named 'BarChart3'. Did you mean 'BarChart'?
app/dashboard-bundui/analytics/components/TicketsCard.tsx(2,10): error TS2305: Module '"@vibethink/ui/icons"' has no exported member 'Headphones'.
app/dashboard-bundui/analytics/components/TicketsCard.tsx(2,61): error TS2305: Module '"@vibethink/ui/icons"' has no exported member 'Star'.
app/dashboard-bundui/analytics/components/TotalEarningCard.tsx(4,25): error TS2305: Module '"@vibethink/ui/icons"' has no exported member 'DollarSign'.
app/dashboard-bundui/analytics/components/TotalEarningCard.tsx(4,44): error TS2305: Module '"@vibethink/ui/icons"' has no exported member 'TrendingDown'.
app/dashboard-bundui/analytics/components/WebsiteAnalyticsCard.tsx(3,10): error TS2305: Module '"@vibethink/ui/icons"' has no exported member 'TrendingUp'.
app/dashboard-bundui/analytics/components/WebsiteAnalyticsCard.tsx(3,22): error TS2305: Module '"@vibethink/ui/icons"' has no exported member 'TrendingDown'.
app/dashboard-bundui/analytics/components/WebsiteAnalyticsCard.tsx(3,55): error TS2305: Module '"@vibethink/ui/icons"' has no exported member 'MousePointer'.
app/dashboard-bundui/api-keys/components/create-api-key-dialog.tsx(43,27): error TS2769: No overload matches this call.
  Overload 1 of 4, '(schema: Zod3Type<{ name: string; date?: Date | undefined; }, { name: string; date?: Date | undefined; }>, schemaOptions?: ParseParams | undefined, resolverOptions?: NonRawResolverOptions | undefined): Resolver<...>', gave the following error.
    Argument of type 'ZodObject<{ name: ZodString; date: ZodOptional<ZodDate>; }, $strip>' is not assignable to parameter of type 'Zod3Type<{ name: string; date?: Date | undefined; }, { name: string; date?: Date | undefined; }>'.
      Types of property '_def' are incompatible.
        Property 'typeName' is missing in type '$ZodObjectDef<{ name: ZodString; date: ZodOptional<ZodDate>; }>' but required in type '{ typeName: string; }'.
  Overload 2 of 4, '(schema: $ZodType<unknown, FieldValues, $ZodTypeInternals<unknown, FieldValues>>, schemaOptions?: ParseContext<$ZodIssue> | undefined, resolverOptions?: NonRawResolverOptions | undefined): Resolver<...>', gave the following error.
    Argument of type 'ZodObject<{ name: ZodString; date: ZodOptional<ZodDate>; }, $strip>' is not assignable to parameter of type '$ZodType<unknown, FieldValues, $ZodTypeInternals<unknown, FieldValues>>'.
      The types of '_zod.version.minor' are incompatible between these types.
        Type '3' is not assignable to type '0'.
app/dashboard-bundui/api-keys/components/datatable.tsx(17,3): error TS2724: '"@vibethink/ui/icons"' has no exported member named 'ArrowUpDown'. Did you mean 'ArrowDown'?
app/dashboard-bundui/api-keys/components/datatable.tsx(25,3): error TS2305: Module '"@vibethink/ui/icons"' has no exported member 'Tag'.
app/dashboard-bundui/api-keys/page-client.tsx(15,32): error TS2345: Argument of type '"api-keys"' is not assignable to parameter of type 'TranslationNamespace'.
app/dashboard-bundui/apps/ai-chat-v2/components/ai-chat-sidebar.tsx(7,10): error TS2305: Module '"@vibethink/ui/icons"' has no exported member 'Compass'.
app/dashboard-bundui/apps/ai-chat-v2/components/ai-chat-sidebar.tsx(7,19): error TS2305: Module '"@vibethink/ui/icons"' has no exported member 'Library'.
app/dashboard-bundui/apps/ai-chat-v2/components/ai-chat-sidebar.tsx(7,28): error TS2305: Module '"@vibethink/ui/icons"' has no exported member 'History'.
app/dashboard-bundui/apps/ai-chat-v2/components/ai-chat-sidebar.tsx(7,67): error TS2305: Module '"@vibethink/ui/icons"' has no exported member 'Ellipsis'.
app/dashboard-bundui/apps/ai-chat-v2/components/ai-chat-sidebar.tsx(12,39): error TS2307: Cannot find module './ai-upgrade-modal' or its corresponding type declarations.
app/dashboard-bundui/apps/ai-chat-v2/components/ai-chat-sidebar.tsx(20,27): error TS2307: Cannot find module '../data.json' or its corresponding type declarations.
app/dashboard-bundui/chat/components/call-dialog.tsx(4,17): error TS2305: Module '"@vibethink/ui/icons"' has no exported member 'PhoneMissedIcon'.
app/dashboard-bundui/chat/components/chat-bubbles.tsx(2,10): error TS2305: Module '"@vibethink/ui/icons"' has no exported member 'Ellipsis'.
app/dashboard-bundui/chat/components/chat-bubbles.tsx(2,30): error TS2305: Module '"@vibethink/ui/icons"' has no exported member 'PlayIcon'.
app/dashboard-bundui/chat/components/chat-bubbles.tsx(248,32): error TS2367: This comparison appears to be unintentional because the types '0' and '1' have no overlap.
app/dashboard-bundui/chat/components/chat-footer.tsx(1,10): error TS2305: Module '"@vibethink/ui/icons"' has no exported member 'Mic'.
app/dashboard-bundui/chat/components/chat-footer.tsx(1,15): error TS2305: Module '"@vibethink/ui/icons"' has no exported member 'Paperclip'.
app/dashboard-bundui/chat/components/chat-footer.tsx(1,42): error TS2305: Module '"@vibethink/ui/icons"' has no exported member 'SendIcon'.
app/dashboard-bundui/chat/components/chat-footer.tsx(1,52): error TS2724: '"@vibethink/ui/icons"' has no exported member named 'SmileIcon'. Did you mean 'FileIcon'?
app/dashboard-bundui/chat/components/chat-header.tsx(4,21): error TS2305: Module '"@vibethink/ui/icons"' has no exported member 'Ellipsis'.
app/dashboard-bundui/chat/components/chat-list-item.tsx(4,10): error TS2305: Module '"@vibethink/ui/icons"' has no exported member 'Ellipsis'.
app/dashboard-bundui/chat/components/media-list-item.tsx(1,17): error TS2305: Module '"@vibethink/ui/icons"' has no exported member 'CheckCheck'.
app/dashboard-bundui/chat/components/media-list-item.tsx(1,29): error TS2305: Module '"@vibethink/ui/icons"' has no exported member 'CircleCheck'.
app/dashboard-bundui/chat/components/message-status-icon.tsx(1,17): error TS2305: Module '"@vibethink/ui/icons"' has no exported member 'CheckCheck'.
app/dashboard-bundui/chat/components/user-detail-sheet.tsx(5,10): error TS2305: Module '"@vibethink/ui/icons"' has no exported member 'Dribbble'.
app/dashboard-bundui/chat/components/user-detail-sheet.tsx(5,20): error TS2305: Module '"@vibethink/ui/icons"' has no exported member 'Facebook'.
app/dashboard-bundui/chat/components/user-detail-sheet.tsx(5,40): error TS2305: Module '"@vibethink/ui/icons"' has no exported member 'Instagram'.
app/dashboard-bundui/chat/components/user-detail-sheet.tsx(5,51): error TS2305: Module '"@vibethink/ui/icons"' has no exported member 'Linkedin'.
app/dashboard-bundui/chat/components/user-detail-sheet.tsx(5,61): error TS2305: Module '"@vibethink/ui/icons"' has no exported member 'SheetIcon'.
app/dashboard-bundui/chat/components/user-detail-sheet.tsx(43,46): error TS2322: Type 'string | undefined' is not assignable to type 'string | number | boolean'.
  Type 'undefined' is not assignable to type 'string | number | boolean'.
app/dashboard-bundui/chat/components/user-detail-sheet.tsx(48,88): error TS2322: Type 'string | undefined' is not assignable to type 'string | number | boolean'.
  Type 'undefined' is not assignable to type 'string | number | boolean'.
app/dashboard-bundui/chat/components/video-call-dialog.tsx(4,17): error TS2305: Module '"@vibethink/ui/icons"' has no exported member 'VideoIcon'.
app/dashboard-bundui/crm-v2-ai/components/crm-voice-agent.tsx(7,10): error TS2305: Module '"@vibethink/ui/icons"' has no exported member 'Mic'.
app/dashboard-bundui/crm-v2-ai/components/crm-voice-agent.tsx(7,15): error TS2305: Module '"@vibethink/ui/icons"' has no exported member 'MicOff'.
app/dashboard-bundui/crm-v2-ai/lead/[id]/components/ai-chat-assistant.tsx(9,17): error TS2305: Module '"@vibethink/ui/icons"' has no exported member 'Send'.
app/dashboard-bundui/crm-v2-ai/lead/[id]/components/contextual-timeline.tsx(4,10): error TS2724: '"@vibethink/ui/icons"' has no exported member named 'Clock12Icon'. Did you mean 'ClockIcon'?
app/dashboard-bundui/crm-v2-ai/lead/[id]/components/contextual-timeline.tsx(175,11): error TS2339: Property 'i18n' does not exist on type '{ setLocale: (locale: Locale) => void; formatDate: (date: string | Date, options?: DateTimeFormatOptions | undefined) => string; formatTime: (date: string | Date, options?: DateTimeFormatOptions | undefined) => string; ... 4 more ...; locale: Locale; }'.
app/dashboard-bundui/crm-v2-ai/lead/[id]/components/contextual-timeline.tsx(203,44): error TS2304: Cannot find name 'compact'.
app/dashboard-bundui/crm-v2-ai/lead/[id]/components/contextual-timeline.tsx(204,30): error TS2304: Cannot find name 'compact'.
app/dashboard-bundui/crm-v2-ai/lead/[id]/components/contextual-timeline.tsx(206,33): error TS2304: Cannot find name 'compact'.
app/dashboard-bundui/crm-v2-ai/lead/[id]/components/contextual-timeline.tsx(212,26): error TS2304: Cannot find name 'compact'.
app/dashboard-bundui/crm-v2-ai/lead/[id]/components/contextual-timeline.tsx(217,21): error TS2304: Cannot find name 'compact'.
app/dashboard-bundui/crm-v2-ai/lead/[id]/components/contextual-timeline.tsx(222,21): error TS2304: Cannot find name 'compact'.
app/dashboard-bundui/crm-v2-ai/lead/[id]/components/contextual-timeline.tsx(226,15): error TS2304: Cannot find name 'compact'.
app/dashboard-bundui/crm-v2-ai/lead/[id]/components/contextual-timeline.tsx(236,34): error TS2304: Cannot find name 'compact'.
app/dashboard-bundui/crm-v2-ai/lead/[id]/components/contextual-timeline.tsx(326,9): error TS2304: Cannot find name 'compact'.
app/dashboard-bundui/crm-v2-ai/lead/[id]/components/lead-info.tsx(5,42): error TS2305: Module '"@vibethink/ui/icons"' has no exported member 'DollarSign'.
app/dashboard-bundui/crm-v2-ai/lead/[id]/page.tsx(51,13): error TS2322: Type '{ entityType: "lead"; entityId: string; compact: boolean; }' is not assignable to type 'IntrinsicAttributes & { entityType: EntityType; entityId: string; }'.
  Property 'compact' does not exist on type 'IntrinsicAttributes & { entityType: EntityType; entityId: string; }'.
app/dashboard-bundui/crm-v2/components/leads-by-source.tsx(45,32): error TS2345: Argument of type '"crm-v2"' is not assignable to parameter of type 'TranslationNamespace'.
app/dashboard-bundui/crm-v2/components/leads.tsx(172,32): error TS2345: Argument of type '"crm-v2"' is not assignable to parameter of type 'TranslationNamespace'.
app/dashboard-bundui/crm-v2/components/page-content.tsx(18,32): error TS2345: Argument of type '"crm-v2"' is not assignable to parameter of type 'TranslationNamespace'.
app/dashboard-bundui/crm-v2/components/recent-tasks.tsx(56,32): error TS2345: Argument of type '"crm-v2"' is not assignable to parameter of type 'TranslationNamespace'.
app/dashboard-bundui/crm-v2/components/sales-pipeline.tsx(55,32): error TS2345: Argument of type '"crm-v2"' is not assignable to parameter of type 'TranslationNamespace'.
app/dashboard-bundui/crm-v2/components/target-card.tsx(21,32): error TS2345: Argument of type '"crm-v2"' is not assignable to parameter of type 'TranslationNamespace'.
app/dashboard-bundui/crm-v2/components/total-customers.tsx(8,32): error TS2345: Argument of type '"crm-v2"' is not assignable to parameter of type 'TranslationNamespace'.
app/dashboard-bundui/crm-v2/components/total-deals.tsx(8,32): error TS2345: Argument of type '"crm-v2"' is not assignable to parameter of type 'TranslationNamespace'.
app/dashboard-bundui/crm-v2/components/total-revenue.tsx(8,32): error TS2345: Argument of type '"crm-v2"' is not assignable to parameter of type 'TranslationNamespace'.
app/dashboard-bundui/crm/components/CrmCharts.tsx(5,10): error TS2305: Module '"@vibethink/ui/icons"' has no exported member 'TrendingUp'.
app/dashboard-bundui/crm/components/CrmCharts.tsx(5,29): error TS2305: Module '"@vibethink/ui/icons"' has no exported member 'Target'.
app/dashboard-bundui/crm/components/CrmMetrics.tsx(3,17): error TS2305: Module '"@vibethink/ui/icons"' has no exported member 'DollarSign'.
app/dashboard-bundui/crm/components/CrmMetrics.tsx(3,29): error TS2305: Module '"@vibethink/ui/icons"' has no exported member 'TrendingUp'.
app/dashboard-bundui/crm/components/CrmMetrics.tsx(3,41): error TS2305: Module '"@vibethink/ui/icons"' has no exported member 'Target'.
app/dashboard-bundui/crm/components/QuickActions.tsx(6,3): error TS2305: Module '"@vibethink/ui/icons"' has no exported member 'UserPlus'.
app/dashboard-bundui/crm/components/QuickActions.tsx(11,3): error TS2305: Module '"@vibethink/ui/icons"' has no exported member 'Target'.
app/dashboard-bundui/crm/hooks/useCrmData.ts(175,9): error TS2698: Spread types may only be created from object types.
app/dashboard-bundui/crm/hooks/useCrmData.ts(176,29): error TS2339: Property 'customer' does not exist on type 'never'.
app/dashboard-bundui/crm/hooks/useCrmFilters.ts(192,26): error TS2345: Argument of type 'string' is not assignable to parameter of type 'never'.
app/dashboard-bundui/crm/hooks/useCrmFilters.ts(195,26): error TS2345: Argument of type 'string' is not assignable to parameter of type 'never'.
app/dashboard-bundui/crm/hooks/useCrmFilters.ts(198,26): error TS2345: Argument of type 'string' is not assignable to parameter of type 'never'.
app/dashboard-bundui/crm/hooks/useCrmFilters.ts(201,26): error TS2345: Argument of type 'string' is not assignable to parameter of type 'never'.
app/dashboard-bundui/crm/hooks/useCrmFilters.ts(206,26): error TS2345: Argument of type 'string' is not assignable to parameter of type 'never'.
app/dashboard-bundui/crypto-v2/components/overview-card.tsx(1,10): error TS2724: '"@vibethink/ui/icons"' has no exported member named 'ArrowUpRight'. Did you mean 'ArrowRight'?
app/dashboard-bundui/crypto/components/ChartBalanceSummary.tsx(19,20): error TS2305: Module '"@vibethink/ui/icons"' has no exported member 'TrendingUp'.
app/dashboard-bundui/crypto/components/ChartBalanceSummary.tsx(19,32): error TS2305: Module '"@vibethink/ui/icons"' has no exported member 'TrendingDown'.
app/dashboard-bundui/crypto/components/CryptoHeader.tsx(31,3): error TS2305: Module '"@vibethink/ui/icons"' has no exported member 'TrendingUp'.
app/dashboard-bundui/crypto/components/CryptoOverviewCard.tsx(12,3): error TS2724: '"@vibethink/ui/icons"' has no exported member named 'ArrowUpRight'. Did you mean 'ArrowRight'?
app/dashboard-bundui/crypto/components/CryptoOverviewCard.tsx(15,3): error TS2305: Module '"@vibethink/ui/icons"' has no exported member 'TrendingUp'.
app/dashboard-bundui/crypto/components/CryptoOverviewCard.tsx(16,3): error TS2305: Module '"@vibethink/ui/icons"' has no exported member 'TrendingDown'.
app/dashboard-bundui/crypto/components/CryptoOverviewCard.tsx(18,3): error TS2305: Module '"@vibethink/ui/icons"' has no exported member 'Target'.
app/dashboard-bundui/crypto/components/CryptoTable.tsx(10,3): error TS2305: Module '"@vibethink/ui/icons"' has no exported member 'TrendingUp'.
app/dashboard-bundui/crypto/components/CryptoTable.tsx(11,3): error TS2305: Module '"@vibethink/ui/icons"' has no exported member 'TrendingDown'.
app/dashboard-bundui/crypto/components/CryptoTable.tsx(14,3): error TS2305: Module '"@vibethink/ui/icons"' has no exported member 'ExternalLink'.
app/dashboard-bundui/crypto/components/DigitalWalletsCard.tsx(15,3): error TS2305: Module '"@vibethink/ui/icons"' has no exported member 'ExternalLink'.
app/dashboard-bundui/crypto/components/DigitalWalletsCard.tsx(20,3): error TS2305: Module '"@vibethink/ui/icons"' has no exported member 'Shield'.
app/dashboard-bundui/crypto/components/DigitalWalletsCard.tsx(21,3): error TS2305: Module '"@vibethink/ui/icons"' has no exported member 'TrendingUp'.
app/dashboard-bundui/crypto/components/MarketOverview.tsx(8,10): error TS2305: Module '"@vibethink/ui/icons"' has no exported member 'TrendingUp'.
app/dashboard-bundui/crypto/components/MarketOverview.tsx(8,22): error TS2305: Module '"@vibethink/ui/icons"' has no exported member 'TrendingDown'.
app/dashboard-bundui/crypto/components/MarketOverview.tsx(8,46): error TS2305: Module '"@vibethink/ui/icons"' has no exported member 'DollarSign'.
app/dashboard-bundui/crypto/components/NewsWidget.tsx(7,10): error TS2305: Module '"@vibethink/ui/icons"' has no exported member 'ExternalLink'.
app/dashboard-bundui/crypto/components/PortfolioOverview.tsx(9,3): error TS2305: Module '"@vibethink/ui/icons"' has no exported member 'DollarSign'.
app/dashboard-bundui/crypto/components/PortfolioOverview.tsx(10,3): error TS2305: Module '"@vibethink/ui/icons"' has no exported member 'TrendingUp'.
app/dashboard-bundui/crypto/components/PortfolioOverview.tsx(11,3): error TS2305: Module '"@vibethink/ui/icons"' has no exported member 'TrendingDown'.
app/dashboard-bundui/crypto/components/PortfolioOverview.tsx(12,3): error TS2305: Module '"@vibethink/ui/icons"' has no exported member 'Target'.
app/dashboard-bundui/crypto/components/PortfolioOverview.tsx(15,3): error TS2724: '"@vibethink/ui/icons"' has no exported member named 'BarChart3'. Did you mean 'BarChart'?
app/dashboard-bundui/crypto/components/PortfolioOverview.tsx(16,3): error TS2305: Module '"@vibethink/ui/icons"' has no exported member 'Percent'.
app/dashboard-bundui/crypto/components/RecentActivities.tsx(14,3): error TS2724: '"@vibethink/ui/icons"' has no exported member named 'ArrowUpRight'. Did you mean 'ArrowRight'?
app/dashboard-bundui/crypto/components/RecentActivities.tsx(15,3): error TS2724: '"@vibethink/ui/icons"' has no exported member named 'ArrowDownLeft'. Did you mean 'ArrowDown'?
app/dashboard-bundui/crypto/components/RecentActivities.tsx(16,3): error TS2305: Module '"@vibethink/ui/icons"' has no exported member 'Send'.
app/dashboard-bundui/crypto/components/RecentActivities.tsx(19,3): error TS2305: Module '"@vibethink/ui/icons"' has no exported member 'DollarSign'.
app/dashboard-bundui/crypto/components/TradingCard.tsx(40,3): error TS2724: '"@vibethink/ui/icons"' has no exported member named 'ArrowUpDown'. Did you mean 'ArrowDown'?
app/dashboard-bundui/crypto/components/TradingCard.tsx(41,3): error TS2305: Module '"@vibethink/ui/icons"' has no exported member 'TrendingUp'.
app/dashboard-bundui/crypto/components/TradingCard.tsx(42,3): error TS2305: Module '"@vibethink/ui/icons"' has no exported member 'TrendingDown'.
app/dashboard-bundui/crypto/components/TradingCard.tsx(43,3): error TS2305: Module '"@vibethink/ui/icons"' has no exported member 'Calculator'.
app/dashboard-bundui/crypto/components/TradingCard.tsx(45,3): error TS2305: Module '"@vibethink/ui/icons"' has no exported member 'Shield'.
app/dashboard-bundui/crypto/components/TradingCard.tsx(130,27): error TS2769: No overload matches this call.
  Overload 1 of 4, '(schema: Zod3Type<{ crypto: string; amount_crypto: string; amount_usd: string; order_type: "market" | "limit"; limit_price?: string | undefined; }, { crypto: string; amount_crypto: string; amount_usd: string; order_type?: "market" | ... 1 more ... | undefined; limit_price?: string | undefined; }>, schemaOptions?: ParseParams | undefined, resolverOptions?: NonRawResolverOptions | undefined): Resolver<...>', gave the following error.
    Argument of type 'ZodObject<{ crypto: ZodString; amount_crypto: ZodString; amount_usd: ZodString; order_type: ZodDefault<ZodEnum<{ market: "market"; limit: "limit"; }>>; limit_price: ZodOptional<...>; }, $strip>' is not assignable to parameter of type 'Zod3Type<{ crypto: string; amount_crypto: string; amount_usd: string; order_type: "market" | "limit"; limit_price?: string | undefined; }, { crypto: string; amount_crypto: string; amount_usd: string; order_type?: "market" | ... 1 more ... | undefined; limit_price?: string | undefined; }>'.
      Types of property '_def' are incompatible.
        Property 'typeName' is missing in type '$ZodObjectDef<{ crypto: ZodString; amount_crypto: ZodString; amount_usd: ZodString; order_type: ZodDefault<ZodEnum<{ market: "market"; limit: "limit"; }>>; limit_price: ZodOptional<...>; }>' but required in type '{ typeName: string; }'.
  Overload 2 of 4, '(schema: $ZodType<unknown, FieldValues, $ZodTypeInternals<unknown, FieldValues>>, schemaOptions?: ParseContext<$ZodIssue> | undefined, resolverOptions?: NonRawResolverOptions | undefined): Resolver<...>', gave the following error.
    Argument of type 'ZodObject<{ crypto: ZodString; amount_crypto: ZodString; amount_usd: ZodString; order_type: ZodDefault<ZodEnum<{ market: "market"; limit: "limit"; }>>; limit_price: ZodOptional<...>; }, $strip>' is not assignable to parameter of type '$ZodType<unknown, FieldValues, $ZodTypeInternals<unknown, FieldValues>>'.
      The types of '_zod.version.minor' are incompatible between these types.
        Type '3' is not assignable to type '0'.
app/dashboard-bundui/crypto/components/WatchlistWidget.tsx(11,3): error TS2305: Module '"@vibethink/ui/icons"' has no exported member 'TrendingUp'.
app/dashboard-bundui/crypto/components/WatchlistWidget.tsx(12,3): error TS2305: Module '"@vibethink/ui/icons"' has no exported member 'TrendingDown'.
app/dashboard-bundui/crypto/components/WatchlistWidget.tsx(13,3): error TS2305: Module '"@vibethink/ui/icons"' has no exported member 'Star'.
app/dashboard-bundui/crypto/page.tsx(15,3): error TS2305: Module '"@vibethink/ui/icons"' has no exported member 'Bitcoin'.
app/dashboard-bundui/crypto/page.tsx(16,3): error TS2305: Module '"@vibethink/ui/icons"' has no exported member 'TrendingUp'.
app/dashboard-bundui/crypto/page.tsx(19,3): error TS2305: Module '"@vibethink/ui/icons"' has no exported member 'Target'.
app/dashboard-bundui/crypto/page.tsx(21,3): error TS2724: '"@vibethink/ui/icons"' has no exported member named 'BarChart3'. Did you mean 'BarChart'?
app/dashboard-bundui/crypto/page.tsx(23,3): error TS2305: Module '"@vibethink/ui/icons"' has no exported member 'DollarSign'.
app/dashboard-bundui/crypto/page.tsx(24,3): error TS2305: Module '"@vibethink/ui/icons"' has no exported member 'Shield'.
app/dashboard-bundui/crypto/page.tsx(29,3): error TS2305: Module '"@vibethink/ui/icons"' has no exported member 'Star'.
app/dashboard-bundui/crypto/page.tsx(30,3): error TS2724: '"@vibethink/ui/icons"' has no exported member named 'ArrowUpDown'. Did you mean 'ArrowDown'?
app/dashboard-bundui/crypto/page.tsx(32,3): error TS2305: Module '"@vibethink/ui/icons"' has no exported member 'TrendingDown'.
app/dashboard-bundui/crypto/page.tsx(212,15): error TS2322: Type 'MarketSentiment | null' is not assignable to type '{ fear_greed_index?: number | undefined; fear_greed_classification?: string | undefined; bitcoin_dominance?: number | undefined; market_cap_change_24h?: number | undefined; volume_change_24h?: number | undefined; } | undefined'.
  Type 'null' is not assignable to type '{ fear_greed_index?: number | undefined; fear_greed_classification?: string | undefined; bitcoin_dominance?: number | undefined; market_cap_change_24h?: number | undefined; volume_change_24h?: number | undefined; } | undefined'.
app/dashboard-bundui/crypto/page.tsx(231,28): error TS18048: 'portfolioMetrics.daily_change_percentage' is possibly 'undefined'.
app/dashboard-bundui/crypto/page.tsx(342,26): error TS18048: 'portfolioMetrics.daily_change_percentage' is possibly 'undefined'.
app/dashboard-bundui/crypto/page.tsx(346,22): error TS18048: 'portfolioMetrics.daily_change_percentage' is possibly 'undefined'.
app/dashboard-bundui/crypto/page.tsx(365,26): error TS18048: 'portfolioMetrics.total_profit_loss' is possibly 'undefined'.
app/dashboard-bundui/default/components/chat-widget.tsx(4,23): error TS2305: Module '"@vibethink/ui/icons"' has no exported member 'Send'.
app/dashboard-bundui/default/components/chat-widget.tsx(61,32): error TS2345: Argument of type '"default"' is not assignable to parameter of type 'TranslationNamespace'.
app/dashboard-bundui/default/components/exercise-minutes.tsx(53,32): error TS2345: Argument of type '"default"' is not assignable to parameter of type 'TranslationNamespace'.
app/dashboard-bundui/default/components/latest-payments.tsx(20,3): error TS2305: Module '"@vibethink/ui/icons"' has no exported member 'Tag'.
app/dashboard-bundui/default/components/latest-payments.tsx(55,32): error TS2345: Argument of type '"default"' is not assignable to parameter of type 'TranslationNamespace'.
app/dashboard-bundui/default/components/latest-payments.tsx(269,20): error TS2322: Type '"destructive" | "success" | "info"' is not assignable to type '"default" | "destructive" | "outline" | "secondary" | null | undefined'.
  Type '"success"' is not assignable to type '"default" | "destructive" | "outline" | "secondary" | null | undefined'.
app/dashboard-bundui/default/components/payment-method.tsx(25,32): error TS2345: Argument of type '"default"' is not assignable to parameter of type 'TranslationNamespace'.
app/dashboard-bundui/default/components/subscriptions.tsx(49,32): error TS2345: Argument of type '"default"' is not assignable to parameter of type 'TranslationNamespace'.
app/dashboard-bundui/default/components/theme-members.tsx(5,17): error TS2724: '"@vibethink/ui/icons"' has no exported member named 'ChevronsDownIcon'. Did you mean 'ChevronDownIcon'?
app/dashboard-bundui/default/components/theme-members.tsx(46,32): error TS2345: Argument of type '"default"' is not assignable to parameter of type 'TranslationNamespace'.
app/dashboard-bundui/default/components/total-revenue.tsx(23,32): error TS2345: Argument of type '"default"' is not assignable to parameter of type 'TranslationNamespace'.
app/dashboard-bundui/default/page.tsx(32,32): error TS2345: Argument of type '"default"' is not assignable to parameter of type 'TranslationNamespace'.
app/dashboard-bundui/ecommerce/components/best-selling-products.tsx(16,10): error TS2724: '"@vibethink/ui/icons"' has no exported member named 'ArrowUpDown'. Did you mean 'ArrowDown'?
app/dashboard-bundui/ecommerce/components/customer-reviews.tsx(3,24): error TS2305: Module '"@vibethink/ui/icons"' has no exported member 'Star'.
app/dashboard-bundui/ecommerce/components/recent-orders.tsx(17,10): error TS2724: '"@vibethink/ui/icons"' has no exported member named 'ArrowUpDown'. Did you mean 'ArrowDown'?
app/dashboard-bundui/ecommerce/components/stat-cards.tsx(4,10): error TS2724: '"@vibethink/ui/icons"' has no exported member named 'ArrowRightIcon'. Did you mean 'ArrowRight'?
app/dashboard-bundui/file-manager/components/ChartFileTransfer.tsx(18,3): error TS2305: Module '"@vibethink/ui/icons"' has no exported member 'TrendingUp'.
app/dashboard-bundui/file-manager/components/ChartFileTransfer.tsx(19,3): error TS2305: Module '"@vibethink/ui/icons"' has no exported member 'TrendingDown'.
app/dashboard-bundui/file-manager/components/FileUploadDialog.tsx(35,3): error TS2305: Module '"@vibethink/ui/icons"' has no exported member 'Image'.
app/dashboard-bundui/file-manager/components/FileUploadDialog.tsx(36,3): error TS2305: Module '"@vibethink/ui/icons"' has no exported member 'Video'.
app/dashboard-bundui/file-manager/components/FileUploadDialog.tsx(37,3): error TS2305: Module '"@vibethink/ui/icons"' has no exported member 'Music'.
app/dashboard-bundui/file-manager/components/FileUploadDialog.tsx(38,3): error TS2305: Module '"@vibethink/ui/icons"' has no exported member 'Archive'.
app/dashboard-bundui/file-manager/components/FileUploadDialog.tsx(43,3): error TS2724: '"@vibethink/ui/icons"' has no exported member named 'FolderOpen'. Did you mean 'FolderIcon'?
app/dashboard-bundui/file-manager/components/FileUploadDialog.tsx(44,3): error TS2305: Module '"@vibethink/ui/icons"' has no exported member 'Tag'.
app/dashboard-bundui/file-manager/components/FolderListCards.tsx(25,3): error TS2724: '"@vibethink/ui/icons"' has no exported member named 'Edit3'. Did you mean 'Edit'?
app/dashboard-bundui/file-manager/components/StorageStatusCard.tsx(14,3): error TS2305: Module '"@vibethink/ui/icons"' has no exported member 'HardDrive'.
app/dashboard-bundui/file-manager/components/StorageStatusCard.tsx(15,3): error TS2305: Module '"@vibethink/ui/icons"' has no exported member 'TrendingUp'.
app/dashboard-bundui/file-manager/components/StorageStatusCard.tsx(19,3): error TS2305: Module '"@vibethink/ui/icons"' has no exported member 'Image'.
app/dashboard-bundui/file-manager/components/StorageStatusCard.tsx(20,3): error TS2305: Module '"@vibethink/ui/icons"' has no exported member 'Video'.
app/dashboard-bundui/file-manager/components/StorageStatusCard.tsx(21,3): error TS2305: Module '"@vibethink/ui/icons"' has no exported member 'Music'.
app/dashboard-bundui/file-manager/components/StorageStatusCard.tsx(22,3): error TS2305: Module '"@vibethink/ui/icons"' has no exported member 'Archive'.
app/dashboard-bundui/file-manager/components/SummaryCards.tsx(14,3): error TS2305: Module '"@vibethink/ui/icons"' has no exported member 'HardDrive'.
app/dashboard-bundui/file-manager/components/SummaryCards.tsx(20,3): error TS2305: Module '"@vibethink/ui/icons"' has no exported member 'TrendingUp'.
app/dashboard-bundui/file-manager/components/TableRecentFiles.tsx(33,3): error TS2305: Module '"@vibethink/ui/icons"' has no exported member 'Image'.
app/dashboard-bundui/file-manager/components/TableRecentFiles.tsx(34,3): error TS2305: Module '"@vibethink/ui/icons"' has no exported member 'Video'.
app/dashboard-bundui/file-manager/components/TableRecentFiles.tsx(35,3): error TS2305: Module '"@vibethink/ui/icons"' has no exported member 'Music'.
app/dashboard-bundui/file-manager/components/TableRecentFiles.tsx(36,3): error TS2305: Module '"@vibethink/ui/icons"' has no exported member 'Archive'.
app/dashboard-bundui/file-manager/components/TableRecentFiles.tsx(42,3): error TS2305: Module '"@vibethink/ui/icons"' has no exported member 'Star'.
app/dashboard-bundui/file-manager/components/TableRecentFiles.tsx(43,3): error TS2305: Module '"@vibethink/ui/icons"' has no exported member 'StarOff'.
app/dashboard-bundui/file-manager/hooks/useFileManagerData.ts(439,15): error TS2345: Argument of type '{ date: string; uploads: number; downloads: number; size: number; }' is not assignable to parameter of type 'never'.
app/dashboard-bundui/file-manager/hooks/useFileManagerData.ts(453,16): error TS2345: Argument of type '{ hour: number; transfers: number; peak_type: "download" | "upload"; }' is not assignable to parameter of type 'never'.
app/dashboard-bundui/file-manager/hooks/useFileManagerData.ts(501,5): error TS2322: Type 'null' is not assignable to type 'string | undefined'.
app/dashboard-bundui/file-manager/hooks/useFileManagerData.ts(543,5): error TS2322: Type 'null' is not assignable to type 'string | undefined'.
app/dashboard-bundui/file-manager/hooks/useFileOperations.ts(109,3): error TS2322: Type 'null' is not assignable to type 'string | undefined'.
app/dashboard-bundui/file-manager/hooks/useFileOperations.ts(148,55): error TS2339: Property 'message' does not exist on type 'never'.
app/dashboard-bundui/file-manager/hooks/useFileOperations.ts(182,52): error TS2339: Property 'message' does not exist on type 'never'.
app/dashboard-bundui/file-manager/hooks/useFileOperations.ts(235,59): error TS2339: Property 'message' does not exist on type 'never'.
app/dashboard-bundui/file-manager/hooks/useFileOperations.ts(301,63): error TS2339: Property 'message' does not exist on type 'never'.
app/dashboard-bundui/file-manager/hooks/useFileOperations.ts(494,58): error TS2339: Property 'message' does not exist on type 'never'.
app/dashboard-bundui/file-manager/page.tsx(19,3): error TS2305: Module '"@vibethink/ui/icons"' has no exported member 'Grid'.
app/dashboard-bundui/file-manager/page.tsx(20,3): error TS2305: Module '"@vibethink/ui/icons"' has no exported member 'List'.
app/dashboard-bundui/file-manager/page.tsx(23,3): error TS2305: Module '"@vibethink/ui/icons"' has no exported member 'Cloud'.
app/dashboard-bundui/file-manager/page.tsx(24,3): error TS2305: Module '"@vibethink/ui/icons"' has no exported member 'HardDrive'.
app/dashboard-bundui/file-manager/page.tsx(28,3): error TS2305: Module '"@vibethink/ui/icons"' has no exported member 'Star'.
app/dashboard-bundui/finance-v2/components/kpi-cards.tsx(8,3): error TS2305: Module '"@vibethink/ui/icons"' has no exported member 'TrendingUpIcon'.
app/dashboard-bundui/finance-v2/components/kpi-cards.tsx(9,3): error TS2305: Module '"@vibethink/ui/icons"' has no exported member 'TrendingDownIcon'.
app/dashboard-bundui/finance-v2/components/kpi-cards.tsx(10,3): error TS2305: Module '"@vibethink/ui/icons"' has no exported member 'WalletIcon'.
app/dashboard-bundui/finance-v2/components/kpi-cards.tsx(11,3): error TS2724: '"@vibethink/ui/icons"' has no exported member named 'FileTextIcon'. Did you mean 'FileText'?
app/dashboard-bundui/finance-v2/components/kpi-cards.tsx(12,3): error TS2305: Module '"@vibethink/ui/icons"' has no exported member 'DollarSignIcon'.
app/dashboard-bundui/finance-v2/components/monthly-expenses.tsx(3,10): error TS2305: Module '"@vibethink/ui/icons"' has no exported member 'TrendingUpIcon'.
app/dashboard-bundui/finance-v2/components/revenue.tsx(3,23): error TS2724: '"@vibethink/ui/icons"' has no exported member named 'CreditCardIcon'. Did you mean 'CreditCard'?
app/dashboard-bundui/finance-v2/components/revenue.tsx(3,39): error TS2305: Module '"@vibethink/ui/icons"' has no exported member 'TrendingUpIcon'.
app/dashboard-bundui/finance-v2/components/transactions.tsx(4,10): error TS2305: Module '"@vibethink/ui/icons"' has no exported member 'BookOpenIcon'.
app/dashboard-bundui/finance-v2/components/transactions.tsx(4,24): error TS2305: Module '"@vibethink/ui/icons"' has no exported member 'Car'.
app/dashboard-bundui/finance-v2/components/transactions.tsx(4,29): error TS2305: Module '"@vibethink/ui/icons"' has no exported member 'CoffeeIcon'.
app/dashboard-bundui/finance-v2/components/transactions.tsx(4,41): error TS2305: Module '"@vibethink/ui/icons"' has no exported member 'StoreIcon'.
app/dashboard-bundui/finance/components/BudgetOverview.tsx(3,10): error TS2305: Module '"@vibethink/ui/icons"' has no exported member 'Target'.
app/dashboard-bundui/finance/components/BudgetOverview.tsx(3,18): error TS2305: Module '"@vibethink/ui/icons"' has no exported member 'TrendingUp'.
app/dashboard-bundui/finance/components/BudgetOverview.tsx(3,30): error TS2305: Module '"@vibethink/ui/icons"' has no exported member 'TrendingDown'.
app/dashboard-bundui/finance/components/BudgetVsActualChart.tsx(17,10): error TS2305: Module '"@vibethink/ui/icons"' has no exported member 'Target'.
app/dashboard-bundui/finance/components/BudgetVsActualChart.tsx(17,18): error TS2305: Module '"@vibethink/ui/icons"' has no exported member 'TrendingUp'.
app/dashboard-bundui/finance/components/BudgetVsActualChart.tsx(17,30): error TS2305: Module '"@vibethink/ui/icons"' has no exported member 'TrendingDown'.
app/dashboard-bundui/finance/components/BudgetVsActualChart.tsx(17,72): error TS2724: '"@vibethink/ui/icons"' has no exported member named 'BarChart3'. Did you mean 'BarChart'?
app/dashboard-bundui/finance/components/CashFlowChart.tsx(19,10): error TS2305: Module '"@vibethink/ui/icons"' has no exported member 'TrendingUp'.
app/dashboard-bundui/finance/components/CashFlowChart.tsx(19,22): error TS2305: Module '"@vibethink/ui/icons"' has no exported member 'TrendingDown'.
app/dashboard-bundui/finance/components/CashFlowChart.tsx(19,46): error TS2724: '"@vibethink/ui/icons"' has no exported member named 'BarChart3'. Did you mean 'BarChart'?
app/dashboard-bundui/finance/components/ExpenseBreakdownChart.tsx(17,36): error TS2724: '"@vibethink/ui/icons"' has no exported member named 'BarChart3'. Did you mean 'BarChart'?
app/dashboard-bundui/finance/components/ExpenseBreakdownChart.tsx(17,47): error TS2305: Module '"@vibethink/ui/icons"' has no exported member 'TrendingUp'.
app/dashboard-bundui/finance/components/ExpenseBreakdownChart.tsx(17,59): error TS2305: Module '"@vibethink/ui/icons"' has no exported member 'TrendingDown'.
app/dashboard-bundui/finance/components/ExpenseTable.tsx(32,3): error TS2305: Module '"@vibethink/ui/icons"' has no exported member 'Receipt'.
app/dashboard-bundui/finance/components/FinanceHeader.tsx(12,3): error TS2305: Module '"@vibethink/ui/icons"' has no exported member 'DollarSign'.
app/dashboard-bundui/finance/components/FinanceHeader.tsx(13,3): error TS2305: Module '"@vibethink/ui/icons"' has no exported member 'Receipt'.
app/dashboard-bundui/finance/components/FinanceHeader.tsx(14,3): error TS2305: Module '"@vibethink/ui/icons"' has no exported member 'Target'.
app/dashboard-bundui/finance/components/FinancialInsights.tsx(4,3): error TS2305: Module '"@vibethink/ui/icons"' has no exported member 'Lightbulb'.
app/dashboard-bundui/finance/components/FinancialInsights.tsx(5,3): error TS2305: Module '"@vibethink/ui/icons"' has no exported member 'TrendingUp'.
app/dashboard-bundui/finance/components/FinancialInsights.tsx(6,3): error TS2305: Module '"@vibethink/ui/icons"' has no exported member 'TrendingDown'.
app/dashboard-bundui/finance/components/FinancialInsights.tsx(9,3): error TS2305: Module '"@vibethink/ui/icons"' has no exported member 'DollarSign'.
app/dashboard-bundui/finance/components/FinancialInsights.tsx(10,3): error TS2305: Module '"@vibethink/ui/icons"' has no exported member 'Target'.
app/dashboard-bundui/finance/components/FinancialInsights.tsx(11,3): error TS2724: '"@vibethink/ui/icons"' has no exported member named 'BarChart3'. Did you mean 'BarChart'?
app/dashboard-bundui/finance/components/FinancialSummaryCards.tsx(3,10): error TS2305: Module '"@vibethink/ui/icons"' has no exported member 'TrendingUp'.
app/dashboard-bundui/finance/components/FinancialSummaryCards.tsx(3,22): error TS2305: Module '"@vibethink/ui/icons"' has no exported member 'TrendingDown'.
app/dashboard-bundui/finance/components/FinancialSummaryCards.tsx(3,36): error TS2305: Module '"@vibethink/ui/icons"' has no exported member 'DollarSign'.
app/dashboard-bundui/finance/components/FinancialSummaryCards.tsx(3,60): error TS2305: Module '"@vibethink/ui/icons"' has no exported member 'PiggyBank'.
app/dashboard-bundui/finance/components/FinancialSummaryCards.tsx(3,71): error TS2305: Module '"@vibethink/ui/icons"' has no exported member 'Target'.
app/dashboard-bundui/finance/components/ProfitLossStatement.tsx(4,30): error TS2305: Module '"@vibethink/ui/icons"' has no exported member 'TrendingUp'.
app/dashboard-bundui/finance/components/ProfitLossStatement.tsx(4,42): error TS2305: Module '"@vibethink/ui/icons"' has no exported member 'TrendingDown'.
app/dashboard-bundui/finance/components/ProfitLossStatement.tsx(4,56): error TS2305: Module '"@vibethink/ui/icons"' has no exported member 'Calculator'.
app/dashboard-bundui/finance/components/ProfitLossStatement.tsx(4,68): error TS2305: Module '"@vibethink/ui/icons"' has no exported member 'DollarSign'.
app/dashboard-bundui/finance/components/RevenueChart.tsx(19,10): error TS2305: Module '"@vibethink/ui/icons"' has no exported member 'TrendingUp'.
app/dashboard-bundui/finance/components/RevenueChart.tsx(19,22): error TS2305: Module '"@vibethink/ui/icons"' has no exported member 'TrendingDown'.
app/dashboard-bundui/finance/components/RevenueChart.tsx(19,36): error TS2305: Module '"@vibethink/ui/icons"' has no exported member 'Target'.
app/dashboard-bundui/finance/components/RevenueChart.tsx(19,44): error TS2305: Module '"@vibethink/ui/icons"' has no exported member 'DollarSign'.
app/dashboard-bundui/finance/page.tsx(15,3): error TS2305: Module '"@vibethink/ui/icons"' has no exported member 'DollarSign'.
app/dashboard-bundui/finance/page.tsx(16,3): error TS2305: Module '"@vibethink/ui/icons"' has no exported member 'TrendingUp'.
app/dashboard-bundui/finance/page.tsx(17,3): error TS2305: Module '"@vibethink/ui/icons"' has no exported member 'Calculator'.
app/dashboard-bundui/finance/page.tsx(19,3): error TS2305: Module '"@vibethink/ui/icons"' has no exported member 'Target'.
app/dashboard-bundui/finance/page.tsx(20,3): error TS2305: Module '"@vibethink/ui/icons"' has no exported member 'Receipt'.
app/dashboard-bundui/finance/page.tsx(21,3): error TS2724: '"@vibethink/ui/icons"' has no exported member named 'BarChart3'. Did you mean 'BarChart'?
app/dashboard-bundui/finance/page.tsx(159,36): error TS2322: Type 'FinancialMetrics | null' is not assignable to type 'FinancialMetrics'.
  Type 'null' is not assignable to type 'FinancialMetrics'.
app/dashboard-bundui/hospital-management/components/summary-cards.tsx(1,24): error TS2724: '"@vibethink/ui/icons"' has no exported member named 'CreditCardIcon'. Did you mean 'CreditCard'?
app/dashboard-bundui/hospital-management/components/summary-cards.tsx(1,40): error TS2305: Module '"@vibethink/ui/icons"' has no exported member 'DollarSignIcon'.
app/dashboard-bundui/hospital-management/components/upcoming-appointments.tsx(1,24): error TS2724: '"@vibethink/ui/icons"' has no exported member named 'MoreVerticalIcon'. Did you mean 'MoreVertical'?
app/dashboard-bundui/hotel/bookings/components/booking-form-sheet.tsx(49,5): error TS2769: No overload matches this call.
  Overload 1 of 2, '(params?: string | { error?: string | $ZodErrorMap<$ZodIssueInvalidType<unknown>> | undefined; message?: string | undefined; } | undefined): ZodString', gave the following error.
    Object literal may only specify known properties, and 'required_error' does not exist in type '{ error?: string | $ZodErrorMap<$ZodIssueInvalidType<unknown>> | undefined; message?: string | undefined; }'.
  Overload 2 of 2, '(params?: string | { error?: string | $ZodErrorMap<$ZodIssueInvalidType<unknown>> | undefined; message?: string | undefined; } | undefined): $ZodType<...>', gave the following error.
    Object literal may only specify known properties, and 'required_error' does not exist in type '{ error?: string | $ZodErrorMap<$ZodIssueInvalidType<unknown>> | undefined; message?: string | undefined; }'.
app/dashboard-bundui/hotel/bookings/components/booking-form-sheet.tsx(52,5): error TS2769: No overload matches this call.
  Overload 1 of 2, '(params?: string | { error?: string | $ZodErrorMap<$ZodIssueInvalidType<unknown>> | undefined; message?: string | undefined; } | undefined): ZodString', gave the following error.
    Object literal may only specify known properties, and 'required_error' does not exist in type '{ error?: string | $ZodErrorMap<$ZodIssueInvalidType<unknown>> | undefined; message?: string | undefined; }'.
  Overload 2 of 2, '(params?: string | { error?: string | $ZodErrorMap<$ZodIssueInvalidType<unknown>> | undefined; message?: string | undefined; } | undefined): $ZodType<...>', gave the following error.
    Object literal may only specify known properties, and 'required_error' does not exist in type '{ error?: string | $ZodErrorMap<$ZodIssueInvalidType<unknown>> | undefined; message?: string | undefined; }'.
app/dashboard-bundui/hotel/bookings/components/booking-form-sheet.tsx(55,5): error TS2769: No overload matches this call.
  Overload 1 of 2, '(params?: string | { error?: string | $ZodErrorMap<$ZodIssueInvalidType<unknown>> | undefined; message?: string | undefined; } | undefined): ZodString', gave the following error.
    Object literal may only specify known properties, and 'required_error' does not exist in type '{ error?: string | $ZodErrorMap<$ZodIssueInvalidType<unknown>> | undefined; message?: string | undefined; }'.
  Overload 2 of 2, '(params?: string | { error?: string | $ZodErrorMap<$ZodIssueInvalidType<unknown>> | undefined; message?: string | undefined; } | undefined): $ZodType<...>', gave the following error.
    Object literal may only specify known properties, and 'required_error' does not exist in type '{ error?: string | $ZodErrorMap<$ZodIssueInvalidType<unknown>> | undefined; message?: string | undefined; }'.
app/dashboard-bundui/hotel/bookings/components/booking-form-sheet.tsx(58,5): error TS2769: No overload matches this call.
  Overload 1 of 2, '(params?: string | { error?: string | $ZodErrorMap<$ZodIssueInvalidType<unknown>> | undefined; message?: string | undefined; } | undefined): ZodString', gave the following error.
    Object literal may only specify known properties, and 'required_error' does not exist in type '{ error?: string | $ZodErrorMap<$ZodIssueInvalidType<unknown>> | undefined; message?: string | undefined; }'.
  Overload 2 of 2, '(params?: string | { error?: string | $ZodErrorMap<$ZodIssueInvalidType<unknown>> | undefined; message?: string | undefined; } | undefined): $ZodType<...>', gave the following error.
    Object literal may only specify known properties, and 'required_error' does not exist in type '{ error?: string | $ZodErrorMap<$ZodIssueInvalidType<unknown>> | undefined; message?: string | undefined; }'.
app/dashboard-bundui/hotel/bookings/components/booking-form-sheet.tsx(61,5): error TS2769: No overload matches this call.
  Overload 1 of 2, '(params?: string | { error?: string | $ZodErrorMap<$ZodIssueInvalidType<unknown>> | undefined; message?: string | undefined; } | undefined): ZodString', gave the following error.
    Object literal may only specify known properties, and 'required_error' does not exist in type '{ error?: string | $ZodErrorMap<$ZodIssueInvalidType<unknown>> | undefined; message?: string | undefined; }'.
  Overload 2 of 2, '(params?: string | { error?: string | $ZodErrorMap<$ZodIssueInvalidType<unknown>> | undefined; message?: string | undefined; } | undefined): $ZodType<...>', gave the following error.
    Object literal may only specify known properties, and 'required_error' does not exist in type '{ error?: string | $ZodErrorMap<$ZodIssueInvalidType<unknown>> | undefined; message?: string | undefined; }'.
app/dashboard-bundui/hotel/bookings/components/booking-form-sheet.tsx(72,5): error TS2769: No overload matches this call.
  Overload 1 of 2, '(params?: string | { error?: string | $ZodErrorMap<$ZodIssueInvalidType<unknown>> | undefined; message?: string | undefined; } | undefined): ZodString', gave the following error.
    Object literal may only specify known properties, and 'required_error' does not exist in type '{ error?: string | $ZodErrorMap<$ZodIssueInvalidType<unknown>> | undefined; message?: string | undefined; }'.
  Overload 2 of 2, '(params?: string | { error?: string | $ZodErrorMap<$ZodIssueInvalidType<unknown>> | undefined; message?: string | undefined; } | undefined): $ZodType<...>', gave the following error.
    Object literal may only specify known properties, and 'required_error' does not exist in type '{ error?: string | $ZodErrorMap<$ZodIssueInvalidType<unknown>> | undefined; message?: string | undefined; }'.
app/dashboard-bundui/hotel/bookings/components/booking-form-sheet.tsx(85,27): error TS2769: No overload matches this call.
  Overload 1 of 4, '(schema: Zod3Type<{ name: string; room: string; date: string; timeSlot: string; startTime: string; endTime: string; phone: string; status: string; }, { name: string; room: string; date: string; timeSlot: string; startTime: string; endTime: string; phone: string; status: string; }>, schemaOptions?: ParseParams | undefined, resolverOptions?: NonRawResolverOptions | undefined): Resolver<...>', gave the following error.
    Argument of type 'ZodObject<{ name: ZodString; room: ZodString; date: ZodString; timeSlot: ZodString; startTime: ZodString; endTime: ZodString; phone: ZodString; status: ZodString; }, $strip>' is not assignable to parameter of type 'Zod3Type<{ name: string; room: string; date: string; timeSlot: string; startTime: string; endTime: string; phone: string; status: string; }, { name: string; room: string; date: string; timeSlot: string; startTime: string; endTime: string; phone: string; status: string; }>'.
      Types of property '_def' are incompatible.
        Property 'typeName' is missing in type '$ZodObjectDef<{ name: ZodString; room: ZodString; date: ZodString; timeSlot: ZodString; startTime: ZodString; endTime: ZodString; phone: ZodString; status: ZodString; }>' but required in type '{ typeName: string; }'.
  Overload 2 of 4, '(schema: $ZodType<unknown, FieldValues, $ZodTypeInternals<unknown, FieldValues>>, schemaOptions?: ParseContext<$ZodIssue> | undefined, resolverOptions?: NonRawResolverOptions | undefined): Resolver<...>', gave the following error.
    Argument of type 'ZodObject<{ name: ZodString; room: ZodString; date: ZodString; timeSlot: ZodString; startTime: ZodString; endTime: ZodString; phone: ZodString; status: ZodString; }, $strip>' is not assignable to parameter of type '$ZodType<unknown, FieldValues, $ZodTypeInternals<unknown, FieldValues>>'.
      The types of '_zod.version.minor' are incompatible between these types.
        Type '3' is not assignable to type '0'.
app/dashboard-bundui/hotel/bookings/components/booking-form-sheet.tsx(90,7): error TS2353: Object literal may only specify known properties, and 'title' does not exist in type 'ReactElement<unknown, string | JSXElementConstructor<any>> | Iterable<ReactNode> | ReactPortal | Promise<...> | (() => ReactNode)'.
app/dashboard-bundui/hotel/bookings/components/meeting-room-schedule.tsx(10,3): error TS2305: Module '"@vibethink/ui/icons"' has no exported member 'List'.
app/dashboard-bundui/hotel/bookings/components/meeting-room-schedule.tsx(11,3): error TS2724: '"@vibethink/ui/icons"' has no exported member named 'ArrowUpDown'. Did you mean 'ArrowDown'?
app/dashboard-bundui/hotel/bookings/components/meeting-room-schedule.tsx(346,43): error TS2322: Type '"icon-sm"' is not assignable to type '"default" | "sm" | "lg" | "icon" | null | undefined'.
app/dashboard-bundui/hotel/components/booking-list.tsx(38,3): error TS2724: '"@vibethink/ui/icons"' has no exported member named 'ArrowUpDown'. Did you mean 'ArrowDown'?
app/dashboard-bundui/hotel/components/booking-list.tsx(41,3): error TS2724: '"@vibethink/ui/icons"' has no exported member named 'ChevronsLeft'. Did you mean 'ChevronLeft'?
app/dashboard-bundui/hotel/components/booking-list.tsx(42,3): error TS2724: '"@vibethink/ui/icons"' has no exported member named 'ChevronsRight'. Did you mean 'ChevronRight'?
app/dashboard-bundui/hotel/components/booking-list.tsx(254,28): error TS2554: Expected 1 arguments, but got 0.
app/dashboard-bundui/hotel/components/revenue-stat.tsx(19,20): error TS2305: Module '"@vibethink/ui/icons"' has no exported member 'TrendingUp'.
app/dashboard-bundui/hotel/components/stat-cards.tsx(2,46): error TS2305: Module '"@vibethink/ui/icons"' has no exported member 'DollarSign'.
app/dashboard-bundui/hotel/page.tsx(10,10): error TS2305: Module '"@vibethink/ui/icons"' has no exported member 'ClipboardMinusIcon'.
app/dashboard-bundui/i18n-test/components/ModuleTestContent.tsx(5,10): error TS2724: '"@vibethink/ui/icons"' has no exported member named 'CheckCircle2'. Did you mean 'CheckCircle'?
app/dashboard-bundui/i18n-test/components/ModuleTestContent.tsx(5,24): error TS2305: Module '"@vibethink/ui/icons"' has no exported member 'XCircle'.
app/dashboard-bundui/i18n-test/components/ModuleTestContent.tsx(29,34): error TS2345: Argument of type 'string' is not assignable to parameter of type 'TranslationNamespace'.
app/dashboard-bundui/i18n-test/page.tsx(19,17): error TS2724: '"@vibethink/ui/icons"' has no exported member named 'CheckCircle2'. Did you mean 'CheckCircle'?
app/dashboard-bundui/i18n-test/page.tsx(19,31): error TS2305: Module '"@vibethink/ui/icons"' has no exported member 'XCircle'.
app/dashboard-bundui/i18n-test/page.tsx(19,53): error TS2305: Module '"@vibethink/ui/icons"' has no exported member 'Languages'.
app/dashboard-bundui/i18n-test/page.tsx(53,19): error TS2554: Expected 1 arguments, but got 0.
app/dashboard-bundui/i18n-test/page.tsx(67,57): error TS2345: Argument of type 'string' is not assignable to parameter of type 'TranslationNamespace'.
app/dashboard-bundui/kanban/components/add-assigne.tsx(2,17): error TS2724: '"@vibethink/ui/icons"' has no exported member named 'UserPlusIcon'. Did you mean 'UsersIcon'?
app/dashboard-bundui/kanban/components/kanban-board.tsx(5,3): error TS2305: Module '"@vibethink/ui/icons"' has no exported member 'GripVertical'.
app/dashboard-bundui/kanban/components/kanban-board.tsx(6,3): error TS2305: Module '"@vibethink/ui/icons"' has no exported member 'Paperclip'.
app/dashboard-bundui/kanban/components/kanban-board.tsx(7,3): error TS2305: Module '"@vibethink/ui/icons"' has no exported member 'MessageSquare'.
app/dashboard-bundui/kanban/components/kanban-board.tsx(11,3): error TS2305: Module '"@vibethink/ui/icons"' has no exported member 'SlidersHorizontalIcon'.
app/dashboard-bundui/kanban/components/kanban-board.tsx(320,36): error TS2345: Argument of type 'string' is not assignable to parameter of type 'never'.
app/dashboard-bundui/kanban/components/kanban-board.tsx(321,38): error TS2345: Argument of type 'string' is not assignable to parameter of type 'never'.
app/dashboard-bundui/kanban/components/kanban-board.tsx(322,34): error TS2345: Argument of type 'string' is not assignable to parameter of type 'never'.
app/dashboard-bundui/kanban/components/kanban-board.tsx(642,52): error TS2322: Type '{ children: Element; key: string; value: string; asHandle: true; asChild: true; }' is not assignable to type 'IntrinsicAttributes & ClassAttributes<HTMLDivElement> & HTMLAttributes<HTMLDivElement> & VariantProps<...> & { ...; }'.
  Property 'value' does not exist on type 'IntrinsicAttributes & ClassAttributes<HTMLDivElement> & HTMLAttributes<HTMLDivElement> & VariantProps<...> & { ...; }'.
app/dashboard-bundui/mail/components/ComposeEmail.tsx(21,3): error TS2305: Module '"@vibethink/ui/icons"' has no exported member 'Send'.
app/dashboard-bundui/mail/components/ComposeEmail.tsx(22,3): error TS2305: Module '"@vibethink/ui/icons"' has no exported member 'Paperclip'.
app/dashboard-bundui/mail/components/ComposeEmail.tsx(25,3): error TS2305: Module '"@vibethink/ui/icons"' has no exported member 'Minimize2'.
app/dashboard-bundui/mail/components/ComposeEmail.tsx(26,3): error TS2305: Module '"@vibethink/ui/icons"' has no exported member 'Maximize2'.
app/dashboard-bundui/mail/components/ComposeEmail.tsx(28,3): error TS2305: Module '"@vibethink/ui/icons"' has no exported member 'Smile'.
app/dashboard-bundui/mail/components/ComposeEmail.tsx(29,3): error TS2305: Module '"@vibethink/ui/icons"' has no exported member 'Bold'.
app/dashboard-bundui/mail/components/ComposeEmail.tsx(30,3): error TS2305: Module '"@vibethink/ui/icons"' has no exported member 'Italic'.
app/dashboard-bundui/mail/components/ComposeEmail.tsx(31,3): error TS2305: Module '"@vibethink/ui/icons"' has no exported member 'Underline'.
app/dashboard-bundui/mail/components/ComposeEmail.tsx(32,3): error TS2305: Module '"@vibethink/ui/icons"' has no exported member 'AlignLeft'.
app/dashboard-bundui/mail/components/ComposeEmail.tsx(33,3): error TS2305: Module '"@vibethink/ui/icons"' has no exported member 'AlignCenter'.
app/dashboard-bundui/mail/components/ComposeEmail.tsx(34,3): error TS2305: Module '"@vibethink/ui/icons"' has no exported member 'List'.
app/dashboard-bundui/mail/components/EmailList.tsx(16,3): error TS2305: Module '"@vibethink/ui/icons"' has no exported member 'Star'.
app/dashboard-bundui/mail/components/EmailList.tsx(17,3): error TS2305: Module '"@vibethink/ui/icons"' has no exported member 'Paperclip'.
app/dashboard-bundui/mail/components/EmailList.tsx(18,3): error TS2305: Module '"@vibethink/ui/icons"' has no exported member 'Reply'.
app/dashboard-bundui/mail/components/EmailList.tsx(19,3): error TS2305: Module '"@vibethink/ui/icons"' has no exported member 'Forward'.
app/dashboard-bundui/mail/components/EmailList.tsx(20,3): error TS2305: Module '"@vibethink/ui/icons"' has no exported member 'Archive'.
app/dashboard-bundui/mail/components/EmailView.tsx(16,3): error TS2305: Module '"@vibethink/ui/icons"' has no exported member 'Reply'.
app/dashboard-bundui/mail/components/EmailView.tsx(17,3): error TS2305: Module '"@vibethink/ui/icons"' has no exported member 'ReplyAll'.
app/dashboard-bundui/mail/components/EmailView.tsx(18,3): error TS2305: Module '"@vibethink/ui/icons"' has no exported member 'Forward'.
app/dashboard-bundui/mail/components/EmailView.tsx(19,3): error TS2305: Module '"@vibethink/ui/icons"' has no exported member 'Star'.
app/dashboard-bundui/mail/components/EmailView.tsx(20,3): error TS2305: Module '"@vibethink/ui/icons"' has no exported member 'Archive'.
app/dashboard-bundui/mail/components/EmailView.tsx(24,3): error TS2305: Module '"@vibethink/ui/icons"' has no exported member 'Paperclip'.
app/dashboard-bundui/mail/components/MailHeader.tsx(19,3): error TS2305: Module '"@vibethink/ui/icons"' has no exported member 'Archive'.
app/dashboard-bundui/mail/components/MailHeader.tsx(21,3): error TS2305: Module '"@vibethink/ui/icons"' has no exported member 'Star'.
app/dashboard-bundui/mail/components/MailSidebar.tsx(5,3): error TS2305: Module '"@vibethink/ui/icons"' has no exported member 'Inbox'.
app/dashboard-bundui/mail/components/MailSidebar.tsx(6,3): error TS2305: Module '"@vibethink/ui/icons"' has no exported member 'Send'.
app/dashboard-bundui/mail/components/MailSidebar.tsx(9,3): error TS2305: Module '"@vibethink/ui/icons"' has no exported member 'Star'.
app/dashboard-bundui/mail/components/MailSidebar.tsx(10,3): error TS2305: Module '"@vibethink/ui/icons"' has no exported member 'Archive'.
app/dashboard-bundui/mail/components/MailSidebar.tsx(11,3): error TS2305: Module '"@vibethink/ui/icons"' has no exported member 'Tag'.
app/dashboard-bundui/notes/add-note-modal.tsx(6,21): error TS2305: Module '"@vibethink/ui/icons"' has no exported member 'Tag'.
app/dashboard-bundui/notes/add-note-modal.tsx(6,26): error TS2305: Module '"@vibethink/ui/icons"' has no exported member 'PenSquare'.
app/dashboard-bundui/notes/add-note-modal.tsx(6,44): error TS2724: '"@vibethink/ui/icons"' has no exported member named 'Trash2Icon'. Did you mean 'TrashIcon'?
app/dashboard-bundui/notes/add-note-modal.tsx(6,56): error TS2305: Module '"@vibethink/ui/icons"' has no exported member 'ArchiveIcon'.
app/dashboard-bundui/notes/add-note-modal.tsx(30,32): error TS2345: Argument of type 'string[]' is not assignable to parameter of type 'TranslationNamespace'.
app/dashboard-bundui/notes/note-content.tsx(3,10): error TS2724: '"@vibethink/ui/icons"' has no exported member named 'FileSearchIcon'. Did you mean 'SearchIcon'?
app/dashboard-bundui/notes/note-content.tsx(3,42): error TS2305: Module '"@vibethink/ui/icons"' has no exported member 'ListIcon'.
app/dashboard-bundui/notes/note-sidebar.tsx(2,10): error TS2305: Module '"@vibethink/ui/icons"' has no exported member 'Archive'.
app/dashboard-bundui/notes/note-sidebar.tsx(2,19): error TS2724: '"@vibethink/ui/icons"' has no exported member named 'Edit3'. Did you mean 'Edit'?
app/dashboard-bundui/notes/note-sidebar.tsx(2,26): error TS2305: Module '"@vibethink/ui/icons"' has no exported member 'PenSquare'.
app/dashboard-bundui/pages/empty-states/01/page.tsx(1,10): error TS2305: Module '"@vibethink/ui/icons"' has no exported member 'FolderPlus'.
app/dashboard-bundui/pages/empty-states/02/components/create-project-empty-state.tsx(2,10): error TS2305: Module '"@vibethink/ui/icons"' has no exported member 'Megaphone'.
app/dashboard-bundui/pages/empty-states/02/components/create-project-empty-state.tsx(2,21): error TS2305: Module '"@vibethink/ui/icons"' has no exported member 'SquareTerminal'.
app/dashboard-bundui/pages/empty-states/02/components/create-project-empty-state.tsx(2,37): error TS2724: '"@vibethink/ui/icons"' has no exported member named 'CalendarDays'. Did you mean 'Calendar'?
app/dashboard-bundui/pages/orders/[id]/page.tsx(5,3): error TS2724: '"@vibethink/ui/icons"' has no exported member named 'CheckCircle2'. Did you mean 'CheckCircle'?
app/dashboard-bundui/pages/orders/[id]/page.tsx(9,3): error TS2305: Module '"@vibethink/ui/icons"' has no exported member 'Package'.
app/dashboard-bundui/pages/orders/[id]/page.tsx(10,3): error TS2305: Module '"@vibethink/ui/icons"' has no exported member 'Pencil'.
app/dashboard-bundui/pages/orders/[id]/page.tsx(11,3): error TS2305: Module '"@vibethink/ui/icons"' has no exported member 'Printer'.
app/dashboard-bundui/pages/orders/[id]/page.tsx(12,3): error TS2305: Module '"@vibethink/ui/icons"' has no exported member 'Truck'.
app/dashboard-bundui/pages/orders/data-table.tsx(18,10): error TS2724: '"@vibethink/ui/icons"' has no exported member named 'ArrowUpDown'. Did you mean 'ArrowDown'?
app/dashboard-bundui/pages/orders/data-table.tsx(18,23): error TS2305: Module '"@vibethink/ui/icons"' has no exported member 'Columns'.
app/dashboard-bundui/pages/orders/data-table.tsx(18,32): error TS2724: '"@vibethink/ui/icons"' has no exported member named 'FilterIcon'. Did you mean 'FileIcon'?
app/dashboard-bundui/pages/products/[id]/page.tsx(4,3): error TS2305: Module '"@vibethink/ui/icons"' has no exported member 'CircleDollarSign'.
app/dashboard-bundui/pages/products/[id]/page.tsx(5,3): error TS2724: '"@vibethink/ui/icons"' has no exported member named 'Edit3Icon'. Did you mean 'EditIcon'?
app/dashboard-bundui/pages/products/[id]/page.tsx(6,3): error TS2305: Module '"@vibethink/ui/icons"' has no exported member 'HandCoinsIcon'.
app/dashboard-bundui/pages/products/[id]/page.tsx(7,3): error TS2305: Module '"@vibethink/ui/icons"' has no exported member 'HeartIcon'.
app/dashboard-bundui/pages/products/[id]/page.tsx(8,3): error TS2724: '"@vibethink/ui/icons"' has no exported member named 'Layers2Icon'. Did you mean 'Loader2Icon'?
app/dashboard-bundui/pages/products/[id]/page.tsx(9,3): error TS2305: Module '"@vibethink/ui/icons"' has no exported member 'ShoppingCart'.
app/dashboard-bundui/pages/products/[id]/page.tsx(10,3): error TS2305: Module '"@vibethink/ui/icons"' has no exported member 'StarIcon'.
app/dashboard-bundui/pages/products/[id]/page.tsx(11,3): error TS2724: '"@vibethink/ui/icons"' has no exported member named 'Trash2Icon'. Did you mean 'TrashIcon'?
app/dashboard-bundui/pages/products/[id]/page.tsx(12,3): error TS2305: Module '"@vibethink/ui/icons"' has no exported member 'TruckIcon'.
app/dashboard-bundui/pages/products/[id]/reviews.tsx(1,10): error TS2305: Module '"@vibethink/ui/icons"' has no exported member 'StarIcon'.
app/dashboard-bundui/pages/products/[id]/star-rating.tsx(3,10): error TS2305: Module '"@vibethink/ui/icons"' has no exported member 'StarIcon'.
app/dashboard-bundui/pages/products/[id]/submit-review-form.tsx(15,10): error TS2305: Module '"@vibethink/ui/icons"' has no exported member 'CirclePlusIcon'.
app/dashboard-bundui/pages/products/create/add-product-form.tsx(11,3): error TS2305: Module '"@vibethink/ui/icons"' has no exported member 'CirclePlusIcon'.
app/dashboard-bundui/pages/products/create/add-product-form.tsx(13,3): error TS2305: Module '"@vibethink/ui/icons"' has no exported member 'UploadIcon'.
app/dashboard-bundui/pages/products/create/add-product-form.tsx(69,27): error TS2769: No overload matches this call.
  Overload 1 of 4, '(schema: Zod3Type<{ name: string; sku: string; barcode: string; description: string; file: string; variants: string; price: string; status: string; category: string; sub_category: string; }, { name: string; sku: string; ... 7 more ...; sub_category: string; }>, schemaOptions?: ParseParams | undefined, resolverOptions?: NonRawResolverOptions | undefined): Resolver<...>', gave the following error.
    Argument of type 'ZodObject<{ name: ZodString; sku: ZodString; barcode: ZodString; description: ZodString; file: ZodString; variants: ZodString; price: ZodString; status: ZodString; category: ZodString; sub_category: ZodString; }, $strip>' is not assignable to parameter of type 'Zod3Type<{ name: string; sku: string; barcode: string; description: string; file: string; variants: string; price: string; status: string; category: string; sub_category: string; }, { name: string; sku: string; ... 7 more ...; sub_category: string; }>'.
      Types of property '_def' are incompatible.
        Property 'typeName' is missing in type '$ZodObjectDef<{ name: ZodString; sku: ZodString; barcode: ZodString; description: ZodString; file: ZodString; variants: ZodString; price: ZodString; status: ZodString; category: ZodString; sub_category: ZodString; }>' but required in type '{ typeName: string; }'.
  Overload 2 of 4, '(schema: $ZodType<unknown, FieldValues, $ZodTypeInternals<unknown, FieldValues>>, schemaOptions?: ParseContext<$ZodIssue> | undefined, resolverOptions?: NonRawResolverOptions | undefined): Resolver<...>', gave the following error.
    Argument of type 'ZodObject<{ name: ZodString; sku: ZodString; barcode: ZodString; description: ZodString; file: ZodString; variants: ZodString; price: ZodString; status: ZodString; category: ZodString; sub_category: ZodString; }, $strip>' is not assignable to parameter of type '$ZodType<unknown, FieldValues, $ZodTypeInternals<unknown, FieldValues>>'.
      The types of '_zod.version.minor' are incompatible between these types.
        Type '3' is not assignable to type '0'.
app/dashboard-bundui/pages/products/product-list.tsx(17,3): error TS2724: '"@vibethink/ui/icons"' has no exported member named 'ArrowUpDown'. Did you mean 'ArrowDown'?
app/dashboard-bundui/pages/products/product-list.tsx(18,3): error TS2305: Module '"@vibethink/ui/icons"' has no exported member 'ColumnsIcon'.
app/dashboard-bundui/pages/products/product-list.tsx(19,3): error TS2724: '"@vibethink/ui/icons"' has no exported member named 'FilterIcon'. Did you mean 'FileIcon'?
app/dashboard-bundui/pages/products/product-list.tsx(22,3): error TS2305: Module '"@vibethink/ui/icons"' has no exported member 'Star'.
app/dashboard-bundui/pages/profile/latest-activity.tsx(5,10): error TS2305: Module '"@vibethink/ui/icons"' has no exported member 'BadgeCheckIcon'.
app/dashboard-bundui/pages/profile/latest-activity.tsx(5,26): error TS2305: Module '"@vibethink/ui/icons"' has no exported member 'BriefcaseBusinessIcon'.
app/dashboard-bundui/pages/profile/profile-card.tsx(1,10): error TS2305: Module '"@vibethink/ui/icons"' has no exported member 'Link2Icon'.
app/dashboard-bundui/pages/profile/profile-card.tsx(1,35): error TS2305: Module '"@vibethink/ui/icons"' has no exported member 'PhoneCall'.
app/dashboard-bundui/pages/settings/account/page.tsx(56,5): error TS2353: Object literal may only specify known properties, and 'required_error' does not exist in type '{ error?: string | $ZodErrorMap<$ZodIssueInvalidType<unknown>> | undefined; message?: string | undefined; }'.
app/dashboard-bundui/pages/settings/account/page.tsx(59,5): error TS2769: No overload matches this call.
  Overload 1 of 2, '(params?: string | { error?: string | $ZodErrorMap<$ZodIssueInvalidType<unknown>> | undefined; message?: string | undefined; } | undefined): ZodString', gave the following error.
    Object literal may only specify known properties, and 'required_error' does not exist in type '{ error?: string | $ZodErrorMap<$ZodIssueInvalidType<unknown>> | undefined; message?: string | undefined; }'.
  Overload 2 of 2, '(params?: string | { error?: string | $ZodErrorMap<$ZodIssueInvalidType<unknown>> | undefined; message?: string | undefined; } | undefined): $ZodType<...>', gave the following error.
    Object literal may only specify known properties, and 'required_error' does not exist in type '{ error?: string | $ZodErrorMap<$ZodIssueInvalidType<unknown>> | undefined; message?: string | undefined; }'.
app/dashboard-bundui/pages/settings/account/page.tsx(73,27): error TS2769: No overload matches this call.
  Overload 1 of 4, '(schema: Zod3Type<{ name: string; dob: Date; language: string; }, { name: string; dob: Date; language: string; }>, schemaOptions?: ParseParams | undefined, resolverOptions?: NonRawResolverOptions | undefined): Resolver<...>', gave the following error.
    Argument of type 'ZodObject<{ name: ZodString; dob: ZodDate; language: ZodString; }, $strip>' is not assignable to parameter of type 'Zod3Type<{ name: string; dob: Date; language: string; }, { name: string; dob: Date; language: string; }>'.
      Types of property '_def' are incompatible.
        Property 'typeName' is missing in type '$ZodObjectDef<{ name: ZodString; dob: ZodDate; language: ZodString; }>' but required in type '{ typeName: string; }'.
  Overload 2 of 4, '(schema: $ZodType<unknown, FieldValues, $ZodTypeInternals<unknown, FieldValues>>, schemaOptions?: ParseContext<$ZodIssue> | undefined, resolverOptions?: NonRawResolverOptions | undefined): Resolver<...>', gave the following error.
    Argument of type 'ZodObject<{ name: ZodString; dob: ZodDate; language: ZodString; }, $strip>' is not assignable to parameter of type '$ZodType<unknown, FieldValues, $ZodTypeInternals<unknown, FieldValues>>'.
      The types of '_zod.version.minor' are incompatible between these types.
        Type '3' is not assignable to type '0'.
app/dashboard-bundui/pages/settings/appearance/page.tsx(33,12): error TS2769: No overload matches this call.
  Overload 1 of 2, '(values: readonly ["light", "dark"], params?: string | { error?: string | $ZodErrorMap<$ZodIssueInvalidValue<unknown>> | undefined; message?: string | undefined; } | undefined): ZodEnum<...>', gave the following error.
    Object literal may only specify known properties, and 'required_error' does not exist in type '{ error?: string | $ZodErrorMap<$ZodIssueInvalidValue<unknown>> | undefined; message?: string | undefined; }'.
  Overload 2 of 2, '(entries: Readonly<Record<string, EnumValue>>, params?: string | { error?: string | $ZodErrorMap<$ZodIssueInvalidValue<unknown>> | undefined; message?: string | undefined; } | undefined): ZodEnum<...>', gave the following error.
    Argument of type 'string[]' is not assignable to parameter of type 'Readonly<Record<string, EnumValue>>'.
      Index signature for type 'string' is missing in type 'string[]'.
app/dashboard-bundui/pages/settings/appearance/page.tsx(36,11): error TS2769: No overload matches this call.
  Overload 1 of 2, '(values: readonly ["inter", "manrope", "system"], params?: string | { error?: string | $ZodErrorMap<$ZodIssueInvalidValue<unknown>> | undefined; message?: string | undefined; } | undefined): ZodEnum<...>', gave the following error.
    Object literal may only specify known properties, and 'invalid_type_error' does not exist in type '{ error?: string | $ZodErrorMap<$ZodIssueInvalidValue<unknown>> | undefined; message?: string | undefined; }'.
  Overload 2 of 2, '(entries: Readonly<Record<string, EnumValue>>, params?: string | { error?: string | $ZodErrorMap<$ZodIssueInvalidValue<unknown>> | undefined; message?: string | undefined; } | undefined): ZodEnum<...>', gave the following error.
    Argument of type 'string[]' is not assignable to parameter of type 'Readonly<Record<string, EnumValue>>'.
      Index signature for type 'string' is missing in type 'string[]'.
app/dashboard-bundui/pages/settings/appearance/page.tsx(53,27): error TS2769: No overload matches this call.
  Overload 1 of 4, '(schema: Zod3Type<{ theme: "light" | "dark"; font: "inter" | "system" | "manrope"; }, { theme: "light" | "dark"; font: "inter" | "system" | "manrope"; }>, schemaOptions?: ParseParams | undefined, resolverOptions?: NonRawResolverOptions | undefined): Resolver<...>', gave the following error.
    Argument of type 'ZodObject<{ theme: ZodEnum<{ light: "light"; dark: "dark"; }>; font: ZodEnum<{ inter: "inter"; system: "system"; manrope: "manrope"; }>; }, $strip>' is not assignable to parameter of type 'Zod3Type<{ theme: "light" | "dark"; font: "inter" | "system" | "manrope"; }, { theme: "light" | "dark"; font: "inter" | "system" | "manrope"; }>'.
      Types of property '_def' are incompatible.
        Property 'typeName' is missing in type '$ZodObjectDef<{ theme: ZodEnum<{ light: "light"; dark: "dark"; }>; font: ZodEnum<{ inter: "inter"; system: "system"; manrope: "manrope"; }>; }>' but required in type '{ typeName: string; }'.
  Overload 2 of 4, '(schema: $ZodType<unknown, FieldValues, $ZodTypeInternals<unknown, FieldValues>>, schemaOptions?: ParseContext<$ZodIssue> | undefined, resolverOptions?: NonRawResolverOptions | undefined): Resolver<...>', gave the following error.
    Argument of type 'ZodObject<{ theme: ZodEnum<{ light: "light"; dark: "dark"; }>; font: ZodEnum<{ inter: "inter"; system: "system"; manrope: "manrope"; }>; }, $strip>' is not assignable to parameter of type '$ZodType<unknown, FieldValues, $ZodTypeInternals<unknown, FieldValues>>'.
      The types of '_zod.version.minor' are incompatible between these types.
        Type '3' is not assignable to type '0'.
app/dashboard-bundui/pages/settings/components/sidebar-nav.tsx(8,3): error TS2305: Module '"@vibethink/ui/icons"' has no exported member 'ContrastIcon'.
app/dashboard-bundui/pages/settings/components/sidebar-nav.tsx(9,3): error TS2724: '"@vibethink/ui/icons"' has no exported member named 'CreditCardIcon'. Did you mean 'CreditCard'?
app/dashboard-bundui/pages/settings/components/sidebar-nav.tsx(10,3): error TS2305: Module '"@vibethink/ui/icons"' has no exported member 'PaletteIcon'.
app/dashboard-bundui/pages/settings/components/sidebar-nav.tsx(11,3): error TS2305: Module '"@vibethink/ui/icons"' has no exported member 'ShieldIcon'.
app/dashboard-bundui/pages/settings/display/page.tsx(63,27): error TS2769: No overload matches this call.
  Overload 1 of 4, '(schema: Zod3Type<{ items: string[]; }, { items: string[]; }>, schemaOptions?: ParseParams | undefined, resolverOptions?: NonRawResolverOptions | undefined): Resolver<...>', gave the following error.
    Argument of type 'ZodObject<{ items: ZodArray<ZodString>; }, $strip>' is not assignable to parameter of type 'Zod3Type<{ items: string[]; }, { items: string[]; }>'.
      Types of property '_def' are incompatible.
        Property 'typeName' is missing in type '$ZodObjectDef<{ items: ZodArray<ZodString>; }>' but required in type '{ typeName: string; }'.
  Overload 2 of 4, '(schema: $ZodType<unknown, FieldValues, $ZodTypeInternals<unknown, FieldValues>>, schemaOptions?: ParseContext<$ZodIssue> | undefined, resolverOptions?: NonRawResolverOptions | undefined): Resolver<...>', gave the following error.
    Argument of type 'ZodObject<{ items: ZodArray<ZodString>; }, $strip>' is not assignable to parameter of type '$ZodType<unknown, FieldValues, $ZodTypeInternals<unknown, FieldValues>>'.
      The types of '_zod.version.minor' are incompatible between these types.
        Type '3' is not assignable to type '0'.
app/dashboard-bundui/pages/settings/notifications/page.tsx(25,11): error TS2769: No overload matches this call.
  Overload 1 of 2, '(values: readonly ["all", "mentions", "none"], params?: string | { error?: string | $ZodErrorMap<$ZodIssueInvalidValue<unknown>> | undefined; message?: string | undefined; } | undefined): ZodEnum<...>', gave the following error.
    Object literal may only specify known properties, and 'required_error' does not exist in type '{ error?: string | $ZodErrorMap<$ZodIssueInvalidValue<unknown>> | undefined; message?: string | undefined; }'.
  Overload 2 of 2, '(entries: Readonly<Record<string, EnumValue>>, params?: string | { error?: string | $ZodErrorMap<$ZodIssueInvalidValue<unknown>> | undefined; message?: string | undefined; } | undefined): ZodEnum<...>', gave the following error.
    Argument of type 'string[]' is not assignable to parameter of type 'Readonly<Record<string, EnumValue>>'.
      Index signature for type 'string' is missing in type 'string[]'.
app/dashboard-bundui/pages/settings/notifications/page.tsx(47,27): error TS2769: No overload matches this call.
  Overload 1 of 4, '(schema: Zod3Type<{ type: "none" | "all" | "mentions"; security_emails: boolean; mobile?: boolean | undefined; communication_emails?: boolean | undefined; social_emails?: boolean | undefined; marketing_emails?: boolean | undefined; }, { ...; }>, schemaOptions?: ParseParams | undefined, resolverOptions?: NonRawResolverOptions | undefined): Resolver<...>', gave the following error.
    Argument of type 'ZodObject<{ type: ZodEnum<{ none: "none"; all: "all"; mentions: "mentions"; }>; mobile: ZodOptional<ZodDefault<ZodBoolean>>; communication_emails: ZodOptional<...>; social_emails: ZodOptional<...>; marketing_emails: ZodOptional<...>; security_emails: ZodBoolean; }, $strip>' is not assignable to parameter of type 'Zod3Type<{ type: "none" | "all" | "mentions"; security_emails: boolean; mobile?: boolean | undefined; communication_emails?: boolean | undefined; social_emails?: boolean | undefined; marketing_emails?: boolean | undefined; }, { ...; }>'.
      Types of property '_def' are incompatible.
        Property 'typeName' is missing in type '$ZodObjectDef<{ type: ZodEnum<{ none: "none"; all: "all"; mentions: "mentions"; }>; mobile: ZodOptional<ZodDefault<ZodBoolean>>; communication_emails: ZodOptional<...>; social_emails: ZodOptional<...>; marketing_emails: ZodOptional<...>; security_emails: ZodBoolean; }>' but required in type '{ typeName: string; }'.
  Overload 2 of 4, '(schema: $ZodType<unknown, FieldValues, $ZodTypeInternals<unknown, FieldValues>>, schemaOptions?: ParseContext<$ZodIssue> | undefined, resolverOptions?: NonRawResolverOptions | undefined): Resolver<...>', gave the following error.
    Argument of type 'ZodObject<{ type: ZodEnum<{ none: "none"; all: "all"; mentions: "mentions"; }>; mobile: ZodOptional<ZodDefault<ZodBoolean>>; communication_emails: ZodOptional<...>; social_emails: ZodOptional<...>; marketing_emails: ZodOptional<...>; security_emails: ZodBoolean; }, $strip>' is not assignable to parameter of type '$ZodType<unknown, FieldValues, $ZodTypeInternals<unknown, FieldValues>>'.
      The types of '_zod.version.minor' are incompatible between these types.
        Type '3' is not assignable to type '0'.
app/dashboard-bundui/pages/settings/page.tsx(9,10): error TS2305: Module '"@vibethink/ui/icons"' has no exported member 'CircleUserRoundIcon'.
app/dashboard-bundui/pages/settings/page.tsx(9,31): error TS2724: '"@vibethink/ui/icons"' has no exported member named 'Trash2Icon'. Did you mean 'TrashIcon'?
app/dashboard-bundui/pages/settings/page.tsx(46,7): error TS2769: No overload matches this call.
  Overload 1 of 2, '(params?: string | { error?: string | $ZodErrorMap<$ZodIssueInvalidType<unknown>> | undefined; message?: string | undefined; } | undefined): ZodString', gave the following error.
    Object literal may only specify known properties, and 'required_error' does not exist in type '{ error?: string | $ZodErrorMap<$ZodIssueInvalidType<unknown>> | undefined; message?: string | undefined; }'.
  Overload 2 of 2, '(params?: string | { error?: string | $ZodErrorMap<$ZodIssueInvalidType<unknown>> | undefined; message?: string | undefined; } | undefined): $ZodType<...>', gave the following error.
    Object literal may only specify known properties, and 'required_error' does not exist in type '{ error?: string | $ZodErrorMap<$ZodIssueInvalidType<unknown>> | undefined; message?: string | undefined; }'.
app/dashboard-bundui/pages/settings/page.tsx(76,27): error TS2769: No overload matches this call.
  Overload 1 of 4, '(schema: Zod3Type<{ username: string; email: string; bio: string; urls?: { value: string; }[] | undefined; }, { username: string; email: string; bio: string; urls?: { value: string; }[] | undefined; }>, schemaOptions?: ParseParams | undefined, resolverOptions?: NonRawResolverOptions | undefined): Resolver<...>', gave the following error.
    Argument of type 'ZodObject<{ username: ZodString; email: ZodString; bio: ZodString; urls: ZodOptional<ZodArray<ZodObject<{ value: ZodString; }, $strip>>>; }, $strip>' is not assignable to parameter of type 'Zod3Type<{ username: string; email: string; bio: string; urls?: { value: string; }[] | undefined; }, { username: string; email: string; bio: string; urls?: { value: string; }[] | undefined; }>'.
      Types of property '_def' are incompatible.
        Property 'typeName' is missing in type '$ZodObjectDef<{ username: ZodString; email: ZodString; bio: ZodString; urls: ZodOptional<ZodArray<ZodObject<{ value: ZodString; }, $strip>>>; }>' but required in type '{ typeName: string; }'.
  Overload 2 of 4, '(schema: $ZodType<unknown, FieldValues, $ZodTypeInternals<unknown, FieldValues>>, schemaOptions?: ParseContext<$ZodIssue> | undefined, resolverOptions?: NonRawResolverOptions | undefined): Resolver<...>', gave the following error.
    Argument of type 'ZodObject<{ username: ZodString; email: ZodString; bio: ZodString; urls: ZodOptional<ZodArray<ZodObject<{ value: ZodString; }, $strip>>>; }, $strip>' is not assignable to parameter of type '$ZodType<unknown, FieldValues, $ZodTypeInternals<unknown, FieldValues>>'.
      The types of '_zod.version.minor' are incompatible between these types.
        Type '3' is not assignable to type '0'.
app/dashboard-bundui/pages/user-profile/components/ActivityStream.tsx(1,10): error TS2724: '"@vibethink/ui/icons"' has no exported member named 'Clock12Icon'. Did you mean 'ClockIcon'?
app/dashboard-bundui/pages/user-profile/components/ConnectionsTeams.tsx(3,3): error TS2305: Module '"@vibethink/ui/icons"' has no exported member 'UserPlus'.
app/dashboard-bundui/pages/user-profile/components/ConnectionsTeams.tsx(7,3): error TS2305: Module '"@vibethink/ui/icons"' has no exported member 'BadgeDollarSignIcon'.
app/dashboard-bundui/pages/user-profile/components/ConnectionsTeams.tsx(8,3): error TS2305: Module '"@vibethink/ui/icons"' has no exported member 'ContainerIcon'.
app/dashboard-bundui/pages/user-profile/components/ConnectionsTeams.tsx(9,3): error TS2305: Module '"@vibethink/ui/icons"' has no exported member 'PaletteIcon'.
app/dashboard-bundui/pages/user-profile/components/ConnectionsTeams.tsx(10,3): error TS2305: Module '"@vibethink/ui/icons"' has no exported member 'UserCheck'.
app/dashboard-bundui/pages/user-profile/components/ProfileHeader.tsx(3,28): error TS2305: Module '"@vibethink/ui/icons"' has no exported member 'TrendingUp'.
app/dashboard-bundui/pages/user-profile/components/ProfileHeader.tsx(3,40): error TS2305: Module '"@vibethink/ui/icons"' has no exported member 'PencilIcon'.
app/dashboard-bundui/pages/user-profile/components/ProfilePage.tsx(1,10): error TS2305: Module '"@vibethink/ui/icons"' has no exported member 'UserPlus'.
app/dashboard-bundui/pages/user-profile/components/ProfileSidebar.tsx(3,34): error TS2305: Module '"@vibethink/ui/icons"' has no exported member 'TrendingUp'.
app/dashboard-bundui/pages/user-profile/components/ProfileSidebar.tsx(3,53): error TS2305: Module '"@vibethink/ui/icons"' has no exported member 'FolderKanban'.
app/dashboard-bundui/pages/user-profile/components/ProjectsTable.tsx(2,3): error TS2305: Module '"@vibethink/ui/icons"' has no exported member 'AtomIcon'.
app/dashboard-bundui/pages/user-profile/components/ProjectsTable.tsx(3,3): error TS2305: Module '"@vibethink/ui/icons"' has no exported member 'CatIcon'.
app/dashboard-bundui/pages/user-profile/components/ProjectsTable.tsx(5,3): error TS2305: Module '"@vibethink/ui/icons"' has no exported member 'Package2Icon'.
app/dashboard-bundui/pages/user-profile/components/ProjectsTable.tsx(7,3): error TS2305: Module '"@vibethink/ui/icons"' has no exported member 'ShipWheelIcon'.
app/dashboard-bundui/pages/user-profile/components/ProjectsTable.tsx(8,3): error TS2305: Module '"@vibethink/ui/icons"' has no exported member 'TreePalmIcon'.
app/dashboard-bundui/pages/user-profile/components/ProjectsTable.tsx(9,3): error TS2305: Module '"@vibethink/ui/icons"' has no exported member 'UnlinkIcon'.
app/dashboard-bundui/pages/users/data-table.tsx(16,10): error TS2724: '"@vibethink/ui/icons"' has no exported member named 'ArrowUpDown'. Did you mean 'ArrowDown'?
app/dashboard-bundui/pages/users/data-table.tsx(16,23): error TS2305: Module '"@vibethink/ui/icons"' has no exported member 'Columns'.
app/dashboard-bundui/payment/components/exchange-rates.tsx(4,10): error TS2724: '"@vibethink/ui/icons"' has no exported member named 'ArrowUpDown'. Did you mean 'ArrowDown'?
app/dashboard-bundui/payment/components/exchange-rates.tsx(4,23): error TS2724: '"@vibethink/ui/icons"' has no exported member named 'RefreshCwIcon'. Did you mean 'RefreshCw'?
app/dashboard-bundui/payment/components/notification-banner.tsx(4,10): error TS2305: Module '"@vibethink/ui/icons"' has no exported member 'CircleAlertIcon'.
app/dashboard-bundui/pos-system/components/add-product-dialog.tsx(2,44): error TS2305: Module '"@vibethink/ui/icons"' has no exported member 'UploadIcon'.
app/dashboard-bundui/pos-system/components/add-product-dialog.tsx(5,31): error TS2307: Cannot find module '@/shared/hooks/use-file-upload' or its corresponding type declarations.
app/dashboard-bundui/pos-system/components/cart-sheet.tsx(4,10): error TS2305: Module '"@vibethink/ui/icons"' has no exported member 'ShoppingBasketIcon'.
app/dashboard-bundui/pos-system/components/cart-sheet.tsx(4,30): error TS2305: Module '"@vibethink/ui/icons"' has no exported member 'Utensils'.
app/dashboard-bundui/pos-system/components/cart.tsx(4,10): error TS2305: Module '"@vibethink/ui/icons"' has no exported member 'Utensils'.
app/dashboard-bundui/pos-system/components/product-list-item.tsx(5,10): error TS2305: Module '"@vibethink/ui/icons"' has no exported member 'ShoppingCartIcon'.
app/dashboard-bundui/pos-system/components/product-list-item.tsx(8,26): error TS2307: Cannot find module '@/shared/hooks/use-toast' or its corresponding type declarations.
app/dashboard-bundui/pos-system/pos-system-menu.tsx(5,18): error TS2305: Module '"@vibethink/ui/icons"' has no exported member 'FileEdit'.
app/dashboard-bundui/pos-system/pos-system-menu.tsx(12,8): error TS2307: Cannot find module '@/app/dashboard/(auth)/apps/pos-system/store' or its corresponding type declarations.
app/dashboard-bundui/pos-system/tables/components/table-detail-dialog.tsx(36,24): error TS2322: Type '"success"' is not assignable to type '"default" | "destructive" | "outline" | "secondary" | null | undefined'.
app/dashboard-bundui/pos-system/tables/components/table-list-item.tsx(41,13): error TS2322: Type '"destructive" | "success" | "info"' is not assignable to type '"default" | "destructive" | "outline" | "secondary" | null | undefined'.
  Type '"success"' is not assignable to type '"default" | "destructive" | "outline" | "secondary" | null | undefined'.
app/dashboard-bundui/project-list/page.tsx(32,78): error TS2345: Argument of type 'string' is not assignable to parameter of type 'Record<string, string | number | boolean>'.
app/dashboard-bundui/project-management/components/chart-project-overview.tsx(38,15): error TS2345: Argument of type '{ date: string; desktop: number; mobile: number; }' is not assignable to parameter of type 'never'.
app/dashboard-bundui/project-management/components/chart-project-overview.tsx(75,32): error TS2339: Property 'date' does not exist on type 'never'.
app/dashboard-bundui/project-management/components/reminders.tsx(5,22): error TS2305: Module '"@vibethink/ui/icons"' has no exported member 'CircleCheck'.
app/dashboard-bundui/project-management/components/reports.tsx(16,10): error TS2724: '"@vibethink/ui/icons"' has no exported member named 'ArrowUpDown'. Did you mean 'ArrowDown'?
app/dashboard-bundui/project-management/components/reports.tsx(33,8): error TS2307: Cannot find module '@/components/ui/table' or its corresponding type declarations.
app/dashboard-bundui/project-management/components/reports.tsx(35,26): error TS2307: Cannot find module '@/components/ui/progress' or its corresponding type declarations.
app/dashboard-bundui/project-management/components/success-metrics.tsx(1,10): error TS2724: '"@vibethink/ui/icons"' has no exported member named 'ArrowDownLeft'. Did you mean 'ArrowDown'?
app/dashboard-bundui/project-management/components/success-metrics.tsx(1,25): error TS2724: '"@vibethink/ui/icons"' has no exported member named 'ArrowUpRight'. Did you mean 'ArrowRight'?
app/dashboard-bundui/project-management/components/summary-cards.tsx(1,10): error TS2305: Module '"@vibethink/ui/icons"' has no exported member 'Award'.
app/dashboard-bundui/project-management/components/summary-cards.tsx(1,28): error TS2305: Module '"@vibethink/ui/icons"' has no exported member 'DollarSign'.
app/dashboard-bundui/project-management/components/summary-cards.tsx(1,40): error TS2305: Module '"@vibethink/ui/icons"' has no exported member 'FileClock'.
app/dashboard-bundui/projects-v2/components/chart-project-overview.tsx(39,19): error TS2345: Argument of type '{ date: string; desktop: number; mobile: number; }' is not assignable to parameter of type 'never'.
app/dashboard-bundui/projects-v2/components/chart-project-overview.tsx(77,36): error TS2339: Property 'date' does not exist on type 'never'.
app/dashboard-bundui/projects-v2/components/chart-project-overview.tsx(112,29): error TS2322: Type '{ children: Element; className: string; size: string; "aria-label": string; }' is not assignable to type 'IntrinsicAttributes & Omit<SelectTriggerProps & RefAttributes<HTMLButtonElement>, "ref"> & RefAttributes<...>'.
  Property 'size' does not exist on type 'IntrinsicAttributes & Omit<SelectTriggerProps & RefAttributes<HTMLButtonElement>, "ref"> & RefAttributes<...>'.
app/dashboard-bundui/projects-v2/components/collapsible-timeline.tsx(7,5): error TS2305: Module '"@vibethink/ui/icons"' has no exported member 'Wrench'.
app/dashboard-bundui/projects-v2/components/collapsible-timeline.tsx(8,5): error TS2305: Module '"@vibethink/ui/icons"' has no exported member 'MessageSquare'.
app/dashboard-bundui/projects-v2/components/collapsible-timeline.tsx(9,5): error TS2724: '"@vibethink/ui/icons"' has no exported member named 'CheckCircle2'. Did you mean 'CheckCircle'?
app/dashboard-bundui/projects-v2/components/contextual-side-panel.tsx(6,5): error TS2305: Module '"@vibethink/ui/icons"' has no exported member 'History'.
app/dashboard-bundui/projects-v2/components/contextual-side-panel.tsx(72,95): error TS2345: Argument of type 'string' is not assignable to parameter of type 'Record<string, string | number | boolean>'.
app/dashboard-bundui/projects-v2/components/contextual-side-panel.tsx(80,97): error TS2345: Argument of type 'string' is not assignable to parameter of type 'Record<string, string | number | boolean>'.
app/dashboard-bundui/projects-v2/components/contextual-side-panel.tsx(82,82): error TS2345: Argument of type 'string' is not assignable to parameter of type 'Record<string, string | number | boolean>'.
app/dashboard-bundui/projects-v2/components/contextual-side-panel.tsx(93,85): error TS2345: Argument of type 'string' is not assignable to parameter of type 'Record<string, string | number | boolean>'.
app/dashboard-bundui/projects-v2/components/contextual-side-panel.tsx(96,67): error TS2345: Argument of type 'string' is not assignable to parameter of type 'Record<string, string | number | boolean>'.
app/dashboard-bundui/projects-v2/components/contextual-side-panel.tsx(112,56): error TS2345: Argument of type 'string' is not assignable to parameter of type 'Record<string, string | number | boolean>'.
app/dashboard-bundui/projects-v2/components/contextual-side-panel.tsx(116,59): error TS2345: Argument of type 'string' is not assignable to parameter of type 'Record<string, string | number | boolean>'.
app/dashboard-bundui/projects-v2/components/contextual-side-panel.tsx(125,79): error TS2345: Argument of type 'string' is not assignable to parameter of type 'Record<string, string | number | boolean>'.
app/dashboard-bundui/projects-v2/components/contextual-side-panel.tsx(154,75): error TS2345: Argument of type 'string' is not assignable to parameter of type 'Record<string, string | number | boolean>'.
app/dashboard-bundui/projects-v2/components/reports.tsx(16,10): error TS2724: '"@vibethink/ui/icons"' has no exported member named 'ArrowUpDown'. Did you mean 'ArrowDown'?
app/dashboard-bundui/projects-v2/components/success-metrics.tsx(1,10): error TS2724: '"@vibethink/ui/icons"' has no exported member named 'ArrowDownLeft'. Did you mean 'ArrowDown'?
app/dashboard-bundui/projects-v2/components/success-metrics.tsx(1,25): error TS2724: '"@vibethink/ui/icons"' has no exported member named 'ArrowUpRight'. Did you mean 'ArrowRight'?
app/dashboard-bundui/projects-v2/components/summary-cards.tsx(1,10): error TS2305: Module '"@vibethink/ui/icons"' has no exported member 'Award'.
app/dashboard-bundui/projects-v2/components/summary-cards.tsx(1,28): error TS2305: Module '"@vibethink/ui/icons"' has no exported member 'DollarSign'.
app/dashboard-bundui/projects-v2/components/summary-cards.tsx(1,40): error TS2305: Module '"@vibethink/ui/icons"' has no exported member 'FileClock'.
app/dashboard-bundui/projects-v2/page.tsx(13,27): error TS2305: Module '"@vibethink/ui/icons"' has no exported member 'PanelRightClose'.
app/dashboard-bundui/projects-v2/page.tsx(13,44): error TS2305: Module '"@vibethink/ui/icons"' has no exported member 'PanelRightOpen'.
app/dashboard-bundui/projects-v2/page.tsx(141,79): error TS2345: Argument of type 'string' is not assignable to parameter of type 'Record<string, string | number | boolean>'.
app/dashboard-bundui/projects-v2/page.tsx(141,125): error TS2345: Argument of type 'string' is not assignable to parameter of type 'Record<string, string | number | boolean>'.
app/dashboard-bundui/projects-v2/page.tsx(154,55): error TS2345: Argument of type 'string' is not assignable to parameter of type 'Record<string, string | number | boolean>'.
app/dashboard-bundui/projects/components/AchievementByYear.tsx(37,3): error TS2305: Module '"@vibethink/ui/icons"' has no exported member 'Award'.
app/dashboard-bundui/projects/components/AchievementByYear.tsx(38,3): error TS2305: Module '"@vibethink/ui/icons"' has no exported member 'Trophy'.
app/dashboard-bundui/projects/components/AchievementByYear.tsx(39,3): error TS2305: Module '"@vibethink/ui/icons"' has no exported member 'Target'.
app/dashboard-bundui/projects/components/AchievementByYear.tsx(41,3): error TS2305: Module '"@vibethink/ui/icons"' has no exported member 'TrendingUp'.
app/dashboard-bundui/projects/components/AddReminderDialog.tsx(34,3): error TS2305: Module '"@vibethink/ui/icons"' has no exported member 'Target'.
app/dashboard-bundui/projects/components/ProjectEfficiencyChart.tsx(39,3): error TS2305: Module '"@vibethink/ui/icons"' has no exported member 'TrendingUp'.
app/dashboard-bundui/projects/components/ProjectEfficiencyChart.tsx(40,3): error TS2305: Module '"@vibethink/ui/icons"' has no exported member 'TrendingDown'.
app/dashboard-bundui/projects/components/ProjectEfficiencyChart.tsx(44,3): error TS2305: Module '"@vibethink/ui/icons"' has no exported member 'Target'.
app/dashboard-bundui/projects/components/ProjectOverviewChart.tsx(28,3): error TS2305: Module '"@vibethink/ui/icons"' has no exported member 'TrendingUp'.
app/dashboard-bundui/projects/components/ProjectOverviewChart.tsx(29,3): error TS2724: '"@vibethink/ui/icons"' has no exported member named 'BarChart3'. Did you mean 'BarChart'?
app/dashboard-bundui/projects/components/RecentProjectsTable.tsx(48,3): error TS2305: Module '"@vibethink/ui/icons"' has no exported member 'DollarSign'.
app/dashboard-bundui/projects/components/Reminders.tsx(42,3): error TS2305: Module '"@vibethink/ui/icons"' has no exported member 'Target'.
app/dashboard-bundui/projects/components/Reports.tsx(39,3): error TS2724: '"@vibethink/ui/icons"' has no exported member named 'BarChart3'. Did you mean 'BarChart'?
app/dashboard-bundui/projects/components/Reports.tsx(41,3): error TS2305: Module '"@vibethink/ui/icons"' has no exported member 'TrendingUp'.
app/dashboard-bundui/projects/components/Reports.tsx(44,3): error TS2305: Module '"@vibethink/ui/icons"' has no exported member 'DollarSign'.
app/dashboard-bundui/projects/components/Reports.tsx(45,3): error TS2305: Module '"@vibethink/ui/icons"' has no exported member 'Target'.
app/dashboard-bundui/projects/components/SuccessMetrics.tsx(23,3): error TS2305: Module '"@vibethink/ui/icons"' has no exported member 'TrendingUp'.
app/dashboard-bundui/projects/components/SuccessMetrics.tsx(24,3): error TS2305: Module '"@vibethink/ui/icons"' has no exported member 'TrendingDown'.
app/dashboard-bundui/projects/components/SuccessMetrics.tsx(25,3): error TS2305: Module '"@vibethink/ui/icons"' has no exported member 'Target'.
app/dashboard-bundui/projects/components/SuccessMetrics.tsx(27,3): error TS2305: Module '"@vibethink/ui/icons"' has no exported member 'DollarSign'.
app/dashboard-bundui/projects/components/SuccessMetrics.tsx(29,3): error TS2305: Module '"@vibethink/ui/icons"' has no exported member 'Award'.
app/dashboard-bundui/projects/components/SummaryCards.tsx(24,3): error TS2305: Module '"@vibethink/ui/icons"' has no exported member 'TrendingUp'.
app/dashboard-bundui/projects/components/SummaryCards.tsx(25,3): error TS2305: Module '"@vibethink/ui/icons"' has no exported member 'TrendingDown'.
app/dashboard-bundui/projects/components/SummaryCards.tsx(28,3): error TS2305: Module '"@vibethink/ui/icons"' has no exported member 'Target'.
app/dashboard-bundui/projects/page.tsx(21,3): error TS2724: '"@vibethink/ui/icons"' has no exported member named 'BarChart3'. Did you mean 'BarChart'?
app/dashboard-bundui/sales/components/table-order-status.tsx(228,16): error TS2322: Type '"destructive" | "success" | "warning" | "info"' is not assignable to type '"default" | "destructive" | "outline" | "secondary" | null | undefined'.
  Type '"success"' is not assignable to type '"default" | "destructive" | "outline" | "secondary" | null | undefined'.
app/dashboard-bundui/sales/hooks/useSalesFilters.ts(186,5): error TS2322: Type 'boolean | undefined' is not assignable to type 'boolean'.
  Type 'undefined' is not assignable to type 'boolean'.
app/dashboard-bundui/sales/hooks/useSalesFilters.ts(284,5): error TS2322: Type 'boolean | undefined' is not assignable to type 'boolean'.
  Type 'undefined' is not assignable to type 'boolean'.
app/dashboard-bundui/sandbox/page.tsx(8,16): error TS2339: Property 'i18n' does not exist on type '{ setLocale: (locale: Locale) => void; formatDate: (date: string | Date, options?: DateTimeFormatOptions | undefined) => string; formatTime: (date: string | Date, options?: DateTimeFormatOptions | undefined) => string; ... 4 more ...; locale: Locale; }'.
app/dashboard-bundui/sandbox/page.tsx(8,25): error TS2554: Expected 1 arguments, but got 0.
app/dashboard-bundui/social-media/components/create-post-dialog.tsx(4,16): error TS2305: Module '"@vibethink/ui/icons"' has no exported member 'Video'.
app/dashboard-bundui/social-media/components/post-item.tsx(5,3): error TS2305: Module '"@vibethink/ui/icons"' has no exported member 'BadgeCheck'.
app/dashboard-bundui/social-media/components/post-item.tsx(6,3): error TS2305: Module '"@vibethink/ui/icons"' has no exported member 'Bookmark'.
app/dashboard-bundui/social-media/components/post-item.tsx(8,3): error TS2305: Module '"@vibethink/ui/icons"' has no exported member 'Flag'.
app/dashboard-bundui/social-media/components/post-item.tsx(9,3): error TS2305: Module '"@vibethink/ui/icons"' has no exported member 'Heart'.
app/dashboard-bundui/social-media/components/post-item.tsx(10,3): error TS2305: Module '"@vibethink/ui/icons"' has no exported member 'Link2'.
app/dashboard-bundui/social-media/components/post-item.tsx(11,3): error TS2305: Module '"@vibethink/ui/icons"' has no exported member 'MessageCircle'.
app/dashboard-bundui/social-media/components/post-item.tsx(13,3): error TS2305: Module '"@vibethink/ui/icons"' has no exported member 'Play'.
app/dashboard-bundui/social-media/components/post-item.tsx(14,3): error TS2305: Module '"@vibethink/ui/icons"' has no exported member 'Send'.
app/dashboard-bundui/social-media/components/post-item.tsx(15,3): error TS2724: '"@vibethink/ui/icons"' has no exported member named 'Share2'. Did you mean 'Share'?
app/dashboard-bundui/social-media/components/post-item.tsx(16,3): error TS2724: '"@vibethink/ui/icons"' has no exported member named 'UserX'. Did you mean 'User'?
app/dashboard-bundui/social-media/components/post-item.tsx(115,39): error TS2322: Type '"icon-sm"' is not assignable to type '"default" | "sm" | "lg" | "icon" | null | undefined'.
app/dashboard-bundui/social-media/components/social-media-sidebar.tsx(11,3): error TS2305: Module '"@vibethink/ui/icons"' has no exported member 'ListTodo'.
app/dashboard-bundui/social-media/components/social-media-stories.tsx(5,10): error TS2305: Module '"@vibethink/ui/icons"' has no exported member 'HeartIcon'.
app/dashboard-bundui/social-media/components/social-media-stories.tsx(91,24): error TS2322: Type '{ children: Element; showCloseIcon: boolean; className: string; }' is not assignable to type 'IntrinsicAttributes & Omit<DialogContentProps & RefAttributes<HTMLDivElement>, "ref"> & RefAttributes<...>'.
  Property 'showCloseIcon' does not exist on type 'IntrinsicAttributes & Omit<DialogContentProps & RefAttributes<HTMLDivElement>, "ref"> & RefAttributes<...>'.
app/dashboard-bundui/social-media/components/social-media-stories.tsx(104,86): error TS2322: Type '"icon-lg"' is not assignable to type '"default" | "sm" | "lg" | "icon" | null | undefined'.
app/dashboard-bundui/tasks/components/data-table-pagination.tsx(2,37): error TS2724: '"@vibethink/ui/icons"' has no exported member named 'ChevronsLeft'. Did you mean 'ChevronLeft'?
app/dashboard-bundui/tasks/components/data-table-pagination.tsx(2,51): error TS2724: '"@vibethink/ui/icons"' has no exported member named 'ChevronsRight'. Did you mean 'ChevronRight'?
app/dashboard-bundui/tasks/components/data-table-row-actions.tsx(57,27): error TS2322: Type '{ children: (string | Element)[]; variant: string; }' is not assignable to type 'IntrinsicAttributes & Omit<DropdownMenuItemProps & RefAttributes<HTMLDivElement>, "ref"> & { ...; } & RefAttributes<...>'.
  Property 'variant' does not exist on type 'IntrinsicAttributes & Omit<DropdownMenuItemProps & RefAttributes<HTMLDivElement>, "ref"> & { ...; } & RefAttributes<...>'.
app/dashboard-bundui/tasks/components/data-table-toolbar.tsx(18,17): error TS2304: Cannot find name 'useTranslation'.
app/dashboard-bundui/tasks/components/data-table-view-options.tsx(5,10): error TS2724: '"@vibethink/ui/icons"' has no exported member named 'Settings2'. Did you mean 'Settings'?
app/dashboard-bundui/tasks/data/data.tsx(6,3): error TS2305: Module '"@vibethink/ui/icons"' has no exported member 'Circle'.
app/dashboard-bundui/tasks/data/data.tsx(7,3): error TS2305: Module '"@vibethink/ui/icons"' has no exported member 'CircleOff'.
app/dashboard-bundui/tasks/data/data.tsx(9,3): error TS2305: Module '"@vibethink/ui/icons"' has no exported member 'Timer'.
app/dashboard-bundui/tenant-admin/page.tsx(4,30): error TS2307: Cannot find module '../../projects-v2/components/summary-cards' or its corresponding type declarations.
app/dashboard-bundui/tenant-admin/page.tsx(5,34): error TS2307: Cannot find module '../../default/components/total-revenue' or its corresponding type declarations.
app/dashboard-bundui/todo-list-app/components/add-todo-sheet.tsx(73,27): error TS2769: No overload matches this call.
  Overload 1 of 4, '(schema: Zod3Type<{ title: string; assignedTo: string[]; status: EnumTodoStatus; priority: EnumTodoPriority; description?: string | undefined; dueDate?: Date | null | undefined; reminderDate?: Date | ... 1 more ... | undefined; }, { ...; }>, schemaOptions?: ParseParams | undefined, resolverOptions?: NonRawResolverOptions | undefined): Resolver<...>', gave the following error.
    Argument of type 'ZodObject<{ title: ZodString; description: ZodOptional<ZodString>; assignedTo: ZodArray<ZodString>; status: ZodEnum<typeof EnumTodoStatus>; priority: ZodEnum<...>; dueDate: ZodNullable<...>; reminderDate: ZodNullable<...>; }, $strip>' is not assignable to parameter of type 'Zod3Type<{ title: string; assignedTo: string[]; status: EnumTodoStatus; priority: EnumTodoPriority; description?: string | undefined; dueDate?: Date | null | undefined; reminderDate?: Date | ... 1 more ... | undefined; }, { ...; }>'.
      Types of property '_def' are incompatible.
        Property 'typeName' is missing in type '$ZodObjectDef<{ title: ZodString; description: ZodOptional<ZodString>; assignedTo: ZodArray<ZodString>; status: ZodEnum<typeof EnumTodoStatus>; priority: ZodEnum<...>; dueDate: ZodNullable<...>; reminderDate: ZodNullable<...>; }>' but required in type '{ typeName: string; }'.
  Overload 2 of 4, '(schema: $ZodType<unknown, FieldValues, $ZodTypeInternals<unknown, FieldValues>>, schemaOptions?: ParseContext<$ZodIssue> | undefined, resolverOptions?: NonRawResolverOptions | undefined): Resolver<...>', gave the following error.
    Argument of type 'ZodObject<{ title: ZodString; description: ZodOptional<ZodString>; assignedTo: ZodArray<ZodString>; status: ZodEnum<typeof EnumTodoStatus>; priority: ZodEnum<...>; dueDate: ZodNullable<...>; reminderDate: ZodNullable<...>; }, $strip>' is not assignable to parameter of type '$ZodType<unknown, FieldValues, $ZodTypeInternals<unknown, FieldValues>>'.
      The types of '_zod.version.minor' are incompatible between these types.
        Type '3' is not assignable to type '0'.
app/dashboard-bundui/todo-list-app/components/todo-detail-sheet.tsx(8,3): error TS2305: Module '"@vibethink/ui/icons"' has no exported member 'FilePlus'.
app/dashboard-bundui/todo-list-app/components/todo-item.tsx(4,30): error TS2305: Module '"@vibethink/ui/icons"' has no exported member 'Star'.
app/dashboard-bundui/todo-list-app/components/todo-list.tsx(8,27): error TS2305: Module '"@vibethink/ui/icons"' has no exported member 'SlidersHorizontal'.
app/dashboard-bundui/todo-list-app/components/todo-list.tsx(8,46): error TS2305: Module '"@vibethink/ui/icons"' has no exported member 'GridIcon'.
app/dashboard-bundui/todo-list-app/components/todo-list.tsx(8,56): error TS2305: Module '"@vibethink/ui/icons"' has no exported member 'ListIcon'.
app/dashboard-bundui/website-analytics/components/average-daily-sales.tsx(6,10): error TS2305: Module '"@vibethink/ui/icons"' has no exported member 'TrendingDown'.
app/dashboard-bundui/website-analytics/components/earning-reports-card.tsx(4,10): error TS2724: '"@vibethink/ui/icons"' has no exported member named 'AreaChartIcon'. Did you mean 'BarChartIcon'?
app/dashboard-bundui/website-analytics/components/earning-reports-card.tsx(4,25): error TS2305: Module '"@vibethink/ui/icons"' has no exported member 'DollarSignIcon'.
app/dashboard-bundui/website-analytics/components/earning-reports-card.tsx(4,41): error TS2305: Module '"@vibethink/ui/icons"' has no exported member 'HandCoinsIcon'.
app/dashboard-bundui/website-analytics/components/earning-reports-card.tsx(23,26): error TS2307: Cannot find module '@/components/ui/progress' or its corresponding type declarations.
app/dashboard-bundui/website-analytics/components/earning-reports-card.tsx(24,30): error TS2307: Cannot find module '@/components/CardActionMenus' or its corresponding type declarations.
app/dashboard-bundui/website-analytics/components/monthly-campaign-state.tsx(3,18): error TS2307: Cannot find module '@/components/icon' or its corresponding type declarations.
app/dashboard-bundui/website-analytics/components/sales-overflow-card.tsx(1,10): error TS2305: Module '"@vibethink/ui/icons"' has no exported member 'TrendingUp'.
app/dashboard-bundui/website-analytics/components/stat-cards.tsx(6,10): error TS2305: Module '"@vibethink/ui/icons"' has no exported member 'TrendingDown'.
app/dashboard-bundui/website-analytics/components/stat-cards.tsx(6,24): error TS2305: Module '"@vibethink/ui/icons"' has no exported member 'TrendingUp'.
app/dashboard-bundui/website-analytics/components/tickets-card.tsx(5,21): error TS2305: Module '"@vibethink/ui/icons"' has no exported member 'MessageCircleReplyIcon'.
app/dashboard-bundui/website-analytics/components/tickets-card.tsx(5,45): error TS2305: Module '"@vibethink/ui/icons"' has no exported member 'TicketIcon'.
app/dashboard-bundui/website-analytics/components/total-earning-card.tsx(5,25): error TS2305: Module '"@vibethink/ui/icons"' has no exported member 'DollarSignIcon'.
app/dashboard-bundui/website-analytics/components/total-earning-card.tsx(5,41): error TS2305: Module '"@vibethink/ui/icons"' has no exported member 'HandCoinsIcon'.
app/dashboard-bundui/website-analytics/page.tsx(15,8): error TS2307: Cannot find module '@/app/dashboard/(auth)/website-analytics/components' or its corresponding type declarations.
app/dashboard-bundui/website-analytics/page.tsx(16,23): error TS2307: Cannot find module '@/app/dashboard/(auth)/website-analytics/components/stat-cards' or its corresponding type declarations.
app/dashboard-bundui/widgets/fitness/components/daily-activity-card.tsx(2,26): error TS2305: Module '"@vibethink/ui/icons"' has no exported member 'Footprints'.
app/dashboard-bundui/widgets/fitness/components/daily-activity-card.tsx(2,38): error TS2305: Module '"@vibethink/ui/icons"' has no exported member 'Flame'.
app/dashboard-bundui/widgets/fitness/components/daily-activity-card.tsx(2,45): error TS2305: Module '"@vibethink/ui/icons"' has no exported member 'Droplet'.
app/dashboard-bundui/widgets/fitness/components/distance-card.tsx(1,10): error TS2305: Module '"@vibethink/ui/icons"' has no exported member 'Navigation'.
app/dashboard-bundui/widgets/fitness/components/heart-rate-card.tsx(3,10): error TS2305: Module '"@vibethink/ui/icons"' has no exported member 'Heart'.
app/dashboard-bundui/widgets/fitness/components/hero-card.tsx(3,10): error TS2305: Module '"@vibethink/ui/icons"' has no exported member 'Play'.
app/dashboard-bundui/widgets/fitness/components/tracking-card.tsx(3,10): error TS2305: Module '"@vibethink/ui/icons"' has no exported member 'Pause'.
app/dashboard-bundui/widgets/fitness/components/tracking-card.tsx(3,17): error TS2305: Module '"@vibethink/ui/icons"' has no exported member 'Play'.
app/dashboard-bundui/widgets/fitness/components/workouts-card.tsx(9,23): error TS2305: Module '"@vibethink/ui/icons"' has no exported member 'Dumbbell'.
app/dashboard-bundui/widgets/fitness/components/workouts-card.tsx(9,33): error TS2305: Module '"@vibethink/ui/icons"' has no exported member 'Flower2'.
app/dashboard-vibethink/analytics/components/TotalEarningCard.tsx(4,37): error TS2724: '"lucide-react"' has no exported member named 'HandCoins'. Did you mean 'HandIcon'?
app/dashboard-vibethink/analytics/page.tsx(149,50): error TS2339: Property 'message' does not exist on type 'never'.
app/dashboard-vibethink/calendar/components/CalendarApp.tsx(356,30): error TS2322: Type 'RefObject<FullCalendar | null>' is not assignable to type 'RefObject<FullCalendar>'.
  Type 'FullCalendar | null' is not assignable to type 'FullCalendar'.
    Type 'null' is not assignable to type 'FullCalendar'.
app/dashboard-vibethink/calendar/components/EventSheet.tsx(128,27): error TS2769: No overload matches this call.
  Overload 1 of 4, '(schema: Zod3Type<{ title: string; start: string; end: string; allDay: boolean; color: "blue" | "gray" | "green" | "indigo" | "orange" | "pink" | "purple" | "red" | "teal"; priority: "high" | "low" | "medium" | "urgent"; ... 8 more ...; meeting_room?: string | undefined; }, { ...; }>, schemaOptions?: ParseParams | undefined, resolverOptions?: NonRawResolverOptions | undefined): Resolver<...>', gave the following error.
    Argument of type 'ZodObject<{ title: ZodString; description: ZodOptional<ZodString>; location: ZodOptional<ZodString>; start: ZodString; ... 10 more ...; meeting_room: ZodOptional<...>; }, $strip>' is not assignable to parameter of type 'Zod3Type<{ title: string; start: string; end: string; allDay: boolean; color: "blue" | "gray" | "green" | "indigo" | "orange" | "pink" | "purple" | "red" | "teal"; priority: "high" | "low" | "medium" | "urgent"; ... 8 more ...; meeting_room?: string | undefined; }, { ...; }>'.
      Types of property '_def' are incompatible.
        Property 'typeName' is missing in type '$ZodObjectDef<{ title: ZodString; description: ZodOptional<ZodString>; location: ZodOptional<ZodString>; start: ZodString; ... 10 more ...; meeting_room: ZodOptional<...>; }>' but required in type '{ typeName: string; }'.
  Overload 2 of 4, '(schema: $ZodType<unknown, FieldValues, $ZodTypeInternals<unknown, FieldValues>>, schemaOptions?: ParseContext<$ZodIssue> | undefined, resolverOptions?: NonRawResolverOptions | undefined): Resolver<...>', gave the following error.
    Argument of type 'ZodObject<{ title: ZodString; description: ZodOptional<ZodString>; location: ZodOptional<ZodString>; start: ZodString; ... 10 more ...; meeting_room: ZodOptional<...>; }, $strip>' is not assignable to parameter of type '$ZodType<unknown, FieldValues, $ZodTypeInternals<unknown, FieldValues>>'.
      The types of '_zod.version.minor' are incompatible between these types.
        Type '3' is not assignable to type '0'.
app/dashboard-vibethink/crm/hooks/useCrmData.ts(175,9): error TS2698: Spread types may only be created from object types.
app/dashboard-vibethink/crm/hooks/useCrmData.ts(176,29): error TS2339: Property 'customer' does not exist on type 'never'.
app/dashboard-vibethink/crm/hooks/useCrmFilters.ts(192,26): error TS2345: Argument of type 'string' is not assignable to parameter of type 'never'.
app/dashboard-vibethink/crm/hooks/useCrmFilters.ts(195,26): error TS2345: Argument of type 'string' is not assignable to parameter of type 'never'.
app/dashboard-vibethink/crm/hooks/useCrmFilters.ts(198,26): error TS2345: Argument of type 'string' is not assignable to parameter of type 'never'.
app/dashboard-vibethink/crm/hooks/useCrmFilters.ts(201,26): error TS2345: Argument of type 'string' is not assignable to parameter of type 'never'.
app/dashboard-vibethink/crm/hooks/useCrmFilters.ts(206,26): error TS2345: Argument of type 'string' is not assignable to parameter of type 'never'.
app/dashboard-vibethink/crypto/components/TradingCard.tsx(136,27): error TS2769: No overload matches this call.
  Overload 1 of 4, '(schema: Zod3Type<{ crypto: string; amount_crypto: string; amount_usd: string; order_type: "market" | "limit"; limit_price?: string | undefined; }, { crypto: string; amount_crypto: string; amount_usd: string; order_type?: "market" | ... 1 more ... | undefined; limit_price?: string | undefined; }>, schemaOptions?: ParseParams | undefined, resolverOptions?: NonRawResolverOptions | undefined): Resolver<...>', gave the following error.
    Argument of type 'ZodObject<{ crypto: ZodString; amount_crypto: ZodString; amount_usd: ZodString; order_type: ZodDefault<ZodEnum<{ market: "market"; limit: "limit"; }>>; limit_price: ZodOptional<...>; }, $strip>' is not assignable to parameter of type 'Zod3Type<{ crypto: string; amount_crypto: string; amount_usd: string; order_type: "market" | "limit"; limit_price?: string | undefined; }, { crypto: string; amount_crypto: string; amount_usd: string; order_type?: "market" | ... 1 more ... | undefined; limit_price?: string | undefined; }>'.
      Types of property '_def' are incompatible.
        Property 'typeName' is missing in type '$ZodObjectDef<{ crypto: ZodString; amount_crypto: ZodString; amount_usd: ZodString; order_type: ZodDefault<ZodEnum<{ market: "market"; limit: "limit"; }>>; limit_price: ZodOptional<...>; }>' but required in type '{ typeName: string; }'.
  Overload 2 of 4, '(schema: $ZodType<unknown, FieldValues, $ZodTypeInternals<unknown, FieldValues>>, schemaOptions?: ParseContext<$ZodIssue> | undefined, resolverOptions?: NonRawResolverOptions | undefined): Resolver<...>', gave the following error.
    Argument of type 'ZodObject<{ crypto: ZodString; amount_crypto: ZodString; amount_usd: ZodString; order_type: ZodDefault<ZodEnum<{ market: "market"; limit: "limit"; }>>; limit_price: ZodOptional<...>; }, $strip>' is not assignable to parameter of type '$ZodType<unknown, FieldValues, $ZodTypeInternals<unknown, FieldValues>>'.
      The types of '_zod.version.minor' are incompatible between these types.
        Type '3' is not assignable to type '0'.
app/dashboard-vibethink/crypto/page.tsx(212,15): error TS2322: Type 'MarketSentiment | null' is not assignable to type '{ fear_greed_index?: number | undefined; fear_greed_classification?: string | undefined; bitcoin_dominance?: number | undefined; market_cap_change_24h?: number | undefined; volume_change_24h?: number | undefined; } | undefined'.
  Type 'null' is not assignable to type '{ fear_greed_index?: number | undefined; fear_greed_classification?: string | undefined; bitcoin_dominance?: number | undefined; market_cap_change_24h?: number | undefined; volume_change_24h?: number | undefined; } | undefined'.
app/dashboard-vibethink/crypto/page.tsx(231,28): error TS18048: 'portfolioMetrics.daily_change_percentage' is possibly 'undefined'.
app/dashboard-vibethink/crypto/page.tsx(342,26): error TS18048: 'portfolioMetrics.daily_change_percentage' is possibly 'undefined'.
app/dashboard-vibethink/crypto/page.tsx(346,22): error TS18048: 'portfolioMetrics.daily_change_percentage' is possibly 'undefined'.
app/dashboard-vibethink/crypto/page.tsx(365,26): error TS18048: 'portfolioMetrics.total_profit_loss' is possibly 'undefined'.
app/dashboard-vibethink/default/components/latest-payments.tsx(267,20): error TS2322: Type '"destructive" | "success" | "info"' is not assignable to type '"default" | "destructive" | "outline" | "secondary" | null | undefined'.
  Type '"success"' is not assignable to type '"default" | "destructive" | "outline" | "secondary" | null | undefined'.
app/dashboard-vibethink/file-manager/hooks/useFileManagerData.ts(439,15): error TS2345: Argument of type '{ date: string; uploads: number; downloads: number; size: number; }' is not assignable to parameter of type 'never'.
app/dashboard-vibethink/file-manager/hooks/useFileManagerData.ts(453,16): error TS2345: Argument of type '{ hour: number; transfers: number; peak_type: "download" | "upload"; }' is not assignable to parameter of type 'never'.
app/dashboard-vibethink/file-manager/hooks/useFileManagerData.ts(501,5): error TS2322: Type 'null' is not assignable to type 'string | undefined'.
app/dashboard-vibethink/file-manager/hooks/useFileManagerData.ts(543,5): error TS2322: Type 'null' is not assignable to type 'string | undefined'.
app/dashboard-vibethink/file-manager/hooks/useFileOperations.ts(109,3): error TS2322: Type 'null' is not assignable to type 'string | undefined'.
app/dashboard-vibethink/file-manager/hooks/useFileOperations.ts(148,55): error TS2339: Property 'message' does not exist on type 'never'.
app/dashboard-vibethink/file-manager/hooks/useFileOperations.ts(182,52): error TS2339: Property 'message' does not exist on type 'never'.
app/dashboard-vibethink/file-manager/hooks/useFileOperations.ts(235,59): error TS2339: Property 'message' does not exist on type 'never'.
app/dashboard-vibethink/file-manager/hooks/useFileOperations.ts(301,63): error TS2339: Property 'message' does not exist on type 'never'.
app/dashboard-vibethink/file-manager/hooks/useFileOperations.ts(494,58): error TS2339: Property 'message' does not exist on type 'never'.
app/dashboard-vibethink/finance/page.tsx(159,36): error TS2322: Type 'FinancialMetrics | null' is not assignable to type 'FinancialMetrics'.
  Type 'null' is not assignable to type 'FinancialMetrics'.
app/dashboard-vibethink/kanban/components/kanban-board.tsx(320,36): error TS2345: Argument of type 'string' is not assignable to parameter of type 'never'.
app/dashboard-vibethink/kanban/components/kanban-board.tsx(321,38): error TS2345: Argument of type 'string' is not assignable to parameter of type 'never'.
app/dashboard-vibethink/kanban/components/kanban-board.tsx(322,34): error TS2345: Argument of type 'string' is not assignable to parameter of type 'never'.
app/dashboard-vibethink/kanban/components/kanban-board.tsx(642,52): error TS2322: Type '{ children: Element; key: string; value: string; asHandle: true; asChild: true; }' is not assignable to type 'IntrinsicAttributes & ClassAttributes<HTMLDivElement> & HTMLAttributes<HTMLDivElement> & VariantProps<...> & { ...; }'.
  Property 'value' does not exist on type 'IntrinsicAttributes & ClassAttributes<HTMLDivElement> & HTMLAttributes<HTMLDivElement> & VariantProps<...> & { ...; }'.
app/dashboard-vibethink/notes/components/AddNoteModal.tsx(56,9): error TS2322: Type 'string | null' is not assignable to type 'string | undefined'.
  Type 'null' is not assignable to type 'string | undefined'.
app/dashboard-vibethink/notes/hooks/useNoteEditor.ts(18,29): error TS2307: Cannot find module '@/shared/hooks/hooks/base/useDebounce' or its corresponding type declarations.
app/dashboard-vibethink/notes/hooks/useNoteFilters.ts(18,29): error TS2307: Cannot find module '@/shared/hooks/hooks/base/useDebounce' or its corresponding type declarations.
app/dashboard-vibethink/notes/hooks/useNotesData.ts(420,7): error TS2322: Type 'string | null' is not assignable to type 'string | undefined'.
  Type 'null' is not assignable to type 'string | undefined'.
app/dashboard-vibethink/pages/settings/appearance/page.tsx(33,12): error TS2769: No overload matches this call.
  Overload 1 of 2, '(values: readonly ["light", "dark"], params?: string | { error?: string | $ZodErrorMap<$ZodIssueInvalidValue<unknown>> | undefined; message?: string | undefined; } | undefined): ZodEnum<...>', gave the following error.
    Object literal may only specify known properties, and 'required_error' does not exist in type '{ error?: string | $ZodErrorMap<$ZodIssueInvalidValue<unknown>> | undefined; message?: string | undefined; }'.
  Overload 2 of 2, '(entries: Readonly<Record<string, EnumValue>>, params?: string | { error?: string | $ZodErrorMap<$ZodIssueInvalidValue<unknown>> | undefined; message?: string | undefined; } | undefined): ZodEnum<...>', gave the following error.
    Argument of type 'string[]' is not assignable to parameter of type 'Readonly<Record<string, EnumValue>>'.
      Index signature for type 'string' is missing in type 'string[]'.
app/dashboard-vibethink/pages/settings/appearance/page.tsx(36,11): error TS2769: No overload matches this call.
  Overload 1 of 2, '(values: readonly ["inter", "manrope", "system"], params?: string | { error?: string | $ZodErrorMap<$ZodIssueInvalidValue<unknown>> | undefined; message?: string | undefined; } | undefined): ZodEnum<...>', gave the following error.
    Object literal may only specify known properties, and 'invalid_type_error' does not exist in type '{ error?: string | $ZodErrorMap<$ZodIssueInvalidValue<unknown>> | undefined; message?: string | undefined; }'.
  Overload 2 of 2, '(entries: Readonly<Record<string, EnumValue>>, params?: string | { error?: string | $ZodErrorMap<$ZodIssueInvalidValue<unknown>> | undefined; message?: string | undefined; } | undefined): ZodEnum<...>', gave the following error.
    Argument of type 'string[]' is not assignable to parameter of type 'Readonly<Record<string, EnumValue>>'.
      Index signature for type 'string' is missing in type 'string[]'.
app/dashboard-vibethink/pages/settings/appearance/page.tsx(53,17): error TS2554: Expected 1 arguments, but got 0.
app/dashboard-vibethink/pages/settings/appearance/page.tsx(56,27): error TS2769: No overload matches this call.
  Overload 1 of 4, '(schema: Zod3Type<{ theme: "light" | "dark"; font: "inter" | "system" | "manrope"; }, { theme: "light" | "dark"; font: "inter" | "system" | "manrope"; }>, schemaOptions?: ParseParams | undefined, resolverOptions?: NonRawResolverOptions | undefined): Resolver<...>', gave the following error.
    Argument of type 'ZodObject<{ theme: ZodEnum<{ light: "light"; dark: "dark"; }>; font: ZodEnum<{ inter: "inter"; system: "system"; manrope: "manrope"; }>; }, $strip>' is not assignable to parameter of type 'Zod3Type<{ theme: "light" | "dark"; font: "inter" | "system" | "manrope"; }, { theme: "light" | "dark"; font: "inter" | "system" | "manrope"; }>'.
      Types of property '_def' are incompatible.
        Property 'typeName' is missing in type '$ZodObjectDef<{ theme: ZodEnum<{ light: "light"; dark: "dark"; }>; font: ZodEnum<{ inter: "inter"; system: "system"; manrope: "manrope"; }>; }>' but required in type '{ typeName: string; }'.
  Overload 2 of 4, '(schema: $ZodType<unknown, FieldValues, $ZodTypeInternals<unknown, FieldValues>>, schemaOptions?: ParseContext<$ZodIssue> | undefined, resolverOptions?: NonRawResolverOptions | undefined): Resolver<...>', gave the following error.
    Argument of type 'ZodObject<{ theme: ZodEnum<{ light: "light"; dark: "dark"; }>; font: ZodEnum<{ inter: "inter"; system: "system"; manrope: "manrope"; }>; }, $strip>' is not assignable to parameter of type '$ZodType<unknown, FieldValues, $ZodTypeInternals<unknown, FieldValues>>'.
      The types of '_zod.version.minor' are incompatible between these types.
        Type '3' is not assignable to type '0'.
app/dashboard-vibethink/pages/settings/appearance/page.tsx(185,17): error TS2554: Expected 1 arguments, but got 0.
app/dashboard-vibethink/payment/components/notification-banner.tsx(4,10): error TS2724: '"lucide-react"' has no exported member named 'CircleAlertIcon'. Did you mean 'CircleIcon'?
app/dashboard-vibethink/pos-system/components/products/InventoryControl.tsx(34,85): error TS18048: 'p.cost' is possibly 'undefined'.
app/dashboard-vibethink/pos-system/hooks/usePosData.ts(4,28): error TS2307: Cannot find module '@/integrations/supabase/client' or its corresponding type declarations.
app/dashboard-vibethink/project-management/components/index.ts(13,25): error TS1261: Already included file name 'C:/IA Marcelo Labs/vibethink-orchestrator-main/apps/dashboard/app/dashboard-vibethink/project-management/components/Reports.tsx' differs from file name 'C:/IA Marcelo Labs/vibethink-orchestrator-main/apps/dashboard/app/dashboard-vibethink/project-management/components/reports.tsx' only in casing.
  The file is in the program because:
    Imported via './Reports' from file 'C:/IA Marcelo Labs/vibethink-orchestrator-main/apps/dashboard/app/dashboard-vibethink/project-management/components/index.ts'
    Matched by include pattern '**/*.tsx' in 'C:/IA Marcelo Labs/vibethink-orchestrator-main/apps/dashboard/tsconfig.json'
app/dashboard-vibethink/project-management/components/index.ts(14,27): error TS1261: Already included file name 'C:/IA Marcelo Labs/vibethink-orchestrator-main/apps/dashboard/app/dashboard-vibethink/project-management/components/Reminders.tsx' differs from file name 'C:/IA Marcelo Labs/vibethink-orchestrator-main/apps/dashboard/app/dashboard-vibethink/project-management/components/reminders.tsx' only in casing.
  The file is in the program because:
    Imported via './Reminders' from file 'C:/IA Marcelo Labs/vibethink-orchestrator-main/apps/dashboard/app/dashboard-vibethink/project-management/components/index.ts'
    Matched by include pattern '**/*.tsx' in 'C:/IA Marcelo Labs/vibethink-orchestrator-main/apps/dashboard/tsconfig.json'
app/dashboard-vibethink/sales/hooks/useSalesFilters.ts(186,5): error TS2322: Type 'boolean | undefined' is not assignable to type 'boolean'.
  Type 'undefined' is not assignable to type 'boolean'.
app/dashboard-vibethink/sales/hooks/useSalesFilters.ts(284,5): error TS2322: Type 'boolean | undefined' is not assignable to type 'boolean'.
  Type 'undefined' is not assignable to type 'boolean'.
app/dashboard-vibethink/website-analytics/components/TotalEarningCard.tsx(4,37): error TS2724: '"lucide-react"' has no exported member named 'HandCoins'. Did you mean 'HandIcon'?
app/dashboard-vibethink/website-analytics/page.tsx(149,50): error TS2339: Property 'message' does not exist on type 'never'.
app/dashboard-vibethink/workflow/components/custom-node.tsx(51,60): error TS2344: Type 'WorkflowNodeData' does not satisfy the constraint 'Node<Record<string, unknown>, string | undefined>'.
  Type 'WorkflowNodeData' is missing the following properties from type '{ id: string; position: XYPosition; data: Record<string, unknown>; sourcePosition?: Position | undefined; targetPosition?: Position | undefined; ... 19 more ...; measured?: { ...; } | undefined; }': id, position, data
app/dashboard-vibethink/workflow/components/custom-node.tsx(52,26): error TS18046: 'data' is of type 'unknown'.
app/dashboard-vibethink/workflow/components/custom-node.tsx(53,33): error TS18046: 'data' is of type 'unknown'.
app/dashboard-vibethink/workflow/components/custom-node.tsx(54,36): error TS18046: 'data' is of type 'unknown'.
app/dashboard-vibethink/workflow/components/custom-node.tsx(61,9): error TS2345: Argument of type 'unknown' is not assignable to parameter of type 'ClassValue'.
app/dashboard-vibethink/workflow/components/custom-node.tsx(77,60): error TS18046: 'data' is of type 'unknown'.
app/dashboard-vibethink/workflow/components/custom-node.tsx(78,12): error TS18046: 'data' is of type 'unknown'.
app/dashboard-vibethink/workflow/components/custom-node.tsx(80,16): error TS18046: 'data' is of type 'unknown'.
app/dashboard-vibethink/workflow/components/custom-node.tsx(91,13): error TS18046: 'data' is of type 'unknown'.
app/dashboard-vibethink/workflow/components/custom-node.tsx(92,13): error TS18046: 'data' is of type 'unknown'.
app/dashboard-vibethink/workflow/components/custom-node.tsx(93,13): error TS18046: 'data' is of type 'unknown'.
app/dashboard-vibethink/workflow/components/custom-node.tsx(94,13): error TS18046: 'data' is of type 'unknown'.
app/dashboard-vibethink/workflow/components/custom-node.tsx(95,13): error TS18046: 'data' is of type 'unknown'.
app/dashboard-vibethink/workflow/components/custom-node.tsx(98,12): error TS18046: 'data' is of type 'unknown'.
app/dashboard-vibethink/workflow/components/workflow-canvas.tsx(46,3): error TS2322: Type 'MemoExoticComponent<({ data, selected }: NodeProps<WorkflowNodeData>) => Element>' is not assignable to type 'ComponentType<Pick<Node<Record<string, unknown>, string | undefined>, "data" | "id" | "height" | "width" | "sourcePosition" | "targetPosition" | "dragHandle" | "parentId"> & Required<...> & { ...; } & { ...; }>'.
  Type 'MemoExoticComponent<({ data, selected }: NodeProps<WorkflowNodeData>) => Element>' is not assignable to type 'FunctionComponent<Pick<Node<Record<string, unknown>, string | undefined>, "data" | "id" | "height" | "width" | "sourcePosition" | "targetPosition" | "dragHandle" | "parentId"> & Required<...> & { ...; } & { ...; }>'.
    Types of parameters 'props' and 'props' are incompatible.
      Type 'Pick<Node<Record<string, unknown>, string | undefined>, "data" | "id" | "height" | "width" | "sourcePosition" | "targetPosition" | "dragHandle" | "parentId"> & Required<...> & { ...; } & { ...; }' is not assignable to type 'Pick<WorkflowNodeData, "data" | "id" | "height" | "width" | "sourcePosition" | "targetPosition" | "dragHandle" | "parentId"> & Required<Pick<WorkflowNodeData, "draggable" | ... 5 more ... | "deletable">> & { ...; }'.
        Type 'Pick<Node<Record<string, unknown>, string | undefined>, "data" | "id" | "height" | "width" | "sourcePosition" | "targetPosition" | "dragHandle" | "parentId"> & Required<...> & { ...; } & { ...; }' is not assignable to type 'Pick<WorkflowNodeData, "data" | "id" | "height" | "width" | "sourcePosition" | "targetPosition" | "dragHandle" | "parentId">'.
          Property 'height' is optional in type 'Pick<Node<Record<string, unknown>, string | undefined>, "data" | "id" | "height" | "width" | "sourcePosition" | "targetPosition" | "dragHandle" | "parentId"> & Required<...> & { ...; } & { ...; }' but required in type 'Pick<WorkflowNodeData, "data" | "id" | "height" | "width" | "sourcePosition" | "targetPosition" | "dragHandle" | "parentId">'.
app/dashboard-vibethink/workflow/components/workflow-canvas.tsx(47,3): error TS2322: Type 'MemoExoticComponent<({ data, selected }: NodeProps<WorkflowNodeData>) => Element>' is not assignable to type 'ComponentType<Pick<Node<Record<string, unknown>, string | undefined>, "data" | "id" | "height" | "width" | "sourcePosition" | "targetPosition" | "dragHandle" | "parentId"> & Required<...> & { ...; } & { ...; }>'.
  Type 'MemoExoticComponent<({ data, selected }: NodeProps<WorkflowNodeData>) => Element>' is not assignable to type 'FunctionComponent<Pick<Node<Record<string, unknown>, string | undefined>, "data" | "id" | "height" | "width" | "sourcePosition" | "targetPosition" | "dragHandle" | "parentId"> & Required<...> & { ...; } & { ...; }>'.
    Types of parameters 'props' and 'props' are incompatible.
      Type 'Pick<Node<Record<string, unknown>, string | undefined>, "data" | "id" | "height" | "width" | "sourcePosition" | "targetPosition" | "dragHandle" | "parentId"> & Required<...> & { ...; } & { ...; }' is not assignable to type 'Pick<WorkflowNodeData, "data" | "id" | "height" | "width" | "sourcePosition" | "targetPosition" | "dragHandle" | "parentId"> & Required<Pick<WorkflowNodeData, "draggable" | ... 5 more ... | "deletable">> & { ...; }'.
        Type 'Pick<Node<Record<string, unknown>, string | undefined>, "data" | "id" | "height" | "width" | "sourcePosition" | "targetPosition" | "dragHandle" | "parentId"> & Required<...> & { ...; } & { ...; }' is not assignable to type 'Pick<WorkflowNodeData, "data" | "id" | "height" | "width" | "sourcePosition" | "targetPosition" | "dragHandle" | "parentId">'.
          Property 'height' is optional in type 'Pick<Node<Record<string, unknown>, string | undefined>, "data" | "id" | "height" | "width" | "sourcePosition" | "targetPosition" | "dragHandle" | "parentId"> & Required<...> & { ...; } & { ...; }' but required in type 'Pick<WorkflowNodeData, "data" | "id" | "height" | "width" | "sourcePosition" | "targetPosition" | "dragHandle" | "parentId">'.
app/dashboard-vibethink/workflow/components/workflow-canvas.tsx(48,3): error TS2322: Type 'MemoExoticComponent<({ data, selected }: NodeProps<WorkflowNodeData>) => Element>' is not assignable to type 'ComponentType<Pick<Node<Record<string, unknown>, string | undefined>, "data" | "id" | "height" | "width" | "sourcePosition" | "targetPosition" | "dragHandle" | "parentId"> & Required<...> & { ...; } & { ...; }>'.
  Type 'MemoExoticComponent<({ data, selected }: NodeProps<WorkflowNodeData>) => Element>' is not assignable to type 'FunctionComponent<Pick<Node<Record<string, unknown>, string | undefined>, "data" | "id" | "height" | "width" | "sourcePosition" | "targetPosition" | "dragHandle" | "parentId"> & Required<...> & { ...; } & { ...; }>'.
    Types of parameters 'props' and 'props' are incompatible.
      Type 'Pick<Node<Record<string, unknown>, string | undefined>, "data" | "id" | "height" | "width" | "sourcePosition" | "targetPosition" | "dragHandle" | "parentId"> & Required<...> & { ...; } & { ...; }' is not assignable to type 'Pick<WorkflowNodeData, "data" | "id" | "height" | "width" | "sourcePosition" | "targetPosition" | "dragHandle" | "parentId"> & Required<Pick<WorkflowNodeData, "draggable" | ... 5 more ... | "deletable">> & { ...; }'.
        Type 'Pick<Node<Record<string, unknown>, string | undefined>, "data" | "id" | "height" | "width" | "sourcePosition" | "targetPosition" | "dragHandle" | "parentId"> & Required<...> & { ...; } & { ...; }' is not assignable to type 'Pick<WorkflowNodeData, "data" | "id" | "height" | "width" | "sourcePosition" | "targetPosition" | "dragHandle" | "parentId">'.
          Property 'height' is optional in type 'Pick<Node<Record<string, unknown>, string | undefined>, "data" | "id" | "height" | "width" | "sourcePosition" | "targetPosition" | "dragHandle" | "parentId"> & Required<...> & { ...; } & { ...; }' but required in type 'Pick<WorkflowNodeData, "data" | "id" | "height" | "width" | "sourcePosition" | "targetPosition" | "dragHandle" | "parentId">'.
app/dashboard-vibethink/workflow/components/workflow-canvas.tsx(49,3): error TS2322: Type 'MemoExoticComponent<({ data, selected }: NodeProps<WorkflowNodeData>) => Element>' is not assignable to type 'ComponentType<Pick<Node<Record<string, unknown>, string | undefined>, "data" | "id" | "height" | "width" | "sourcePosition" | "targetPosition" | "dragHandle" | "parentId"> & Required<...> & { ...; } & { ...; }>'.
  Type 'MemoExoticComponent<({ data, selected }: NodeProps<WorkflowNodeData>) => Element>' is not assignable to type 'FunctionComponent<Pick<Node<Record<string, unknown>, string | undefined>, "data" | "id" | "height" | "width" | "sourcePosition" | "targetPosition" | "dragHandle" | "parentId"> & Required<...> & { ...; } & { ...; }>'.
    Types of parameters 'props' and 'props' are incompatible.
      Type 'Pick<Node<Record<string, unknown>, string | undefined>, "data" | "id" | "height" | "width" | "sourcePosition" | "targetPosition" | "dragHandle" | "parentId"> & Required<...> & { ...; } & { ...; }' is not assignable to type 'Pick<WorkflowNodeData, "data" | "id" | "height" | "width" | "sourcePosition" | "targetPosition" | "dragHandle" | "parentId"> & Required<Pick<WorkflowNodeData, "draggable" | ... 5 more ... | "deletable">> & { ...; }'.
        Type 'Pick<Node<Record<string, unknown>, string | undefined>, "data" | "id" | "height" | "width" | "sourcePosition" | "targetPosition" | "dragHandle" | "parentId"> & Required<...> & { ...; } & { ...; }' is not assignable to type 'Pick<WorkflowNodeData, "data" | "id" | "height" | "width" | "sourcePosition" | "targetPosition" | "dragHandle" | "parentId">'.
          Property 'height' is optional in type 'Pick<Node<Record<string, unknown>, string | undefined>, "data" | "id" | "height" | "width" | "sourcePosition" | "targetPosition" | "dragHandle" | "parentId"> & Required<...> & { ...; } & { ...; }' but required in type 'Pick<WorkflowNodeData, "data" | "id" | "height" | "width" | "sourcePosition" | "targetPosition" | "dragHandle" | "parentId">'.
app/dashboard-vibethink/workflow/components/workflow-canvas.tsx(50,3): error TS2322: Type 'MemoExoticComponent<({ data, selected }: NodeProps<WorkflowNodeData>) => Element>' is not assignable to type 'ComponentType<Pick<Node<Record<string, unknown>, string | undefined>, "data" | "id" | "height" | "width" | "sourcePosition" | "targetPosition" | "dragHandle" | "parentId"> & Required<...> & { ...; } & { ...; }>'.
  Type 'MemoExoticComponent<({ data, selected }: NodeProps<WorkflowNodeData>) => Element>' is not assignable to type 'FunctionComponent<Pick<Node<Record<string, unknown>, string | undefined>, "data" | "id" | "height" | "width" | "sourcePosition" | "targetPosition" | "dragHandle" | "parentId"> & Required<...> & { ...; } & { ...; }>'.
    Types of parameters 'props' and 'props' are incompatible.
      Type 'Pick<Node<Record<string, unknown>, string | undefined>, "data" | "id" | "height" | "width" | "sourcePosition" | "targetPosition" | "dragHandle" | "parentId"> & Required<...> & { ...; } & { ...; }' is not assignable to type 'Pick<WorkflowNodeData, "data" | "id" | "height" | "width" | "sourcePosition" | "targetPosition" | "dragHandle" | "parentId"> & Required<Pick<WorkflowNodeData, "draggable" | ... 5 more ... | "deletable">> & { ...; }'.
        Type 'Pick<Node<Record<string, unknown>, string | undefined>, "data" | "id" | "height" | "width" | "sourcePosition" | "targetPosition" | "dragHandle" | "parentId"> & Required<...> & { ...; } & { ...; }' is not assignable to type 'Pick<WorkflowNodeData, "data" | "id" | "height" | "width" | "sourcePosition" | "targetPosition" | "dragHandle" | "parentId">'.
          Property 'height' is optional in type 'Pick<Node<Record<string, unknown>, string | undefined>, "data" | "id" | "height" | "width" | "sourcePosition" | "targetPosition" | "dragHandle" | "parentId"> & Required<...> & { ...; } & { ...; }' but required in type 'Pick<WorkflowNodeData, "data" | "id" | "height" | "width" | "sourcePosition" | "targetPosition" | "dragHandle" | "parentId">'.
app/dashboard-vibethink/workflow/components/workflow-canvas.tsx(51,3): error TS2322: Type 'MemoExoticComponent<({ data, selected }: NodeProps<WorkflowNodeData>) => Element>' is not assignable to type 'ComponentType<Pick<Node<Record<string, unknown>, string | undefined>, "data" | "id" | "height" | "width" | "sourcePosition" | "targetPosition" | "dragHandle" | "parentId"> & Required<...> & { ...; } & { ...; }>'.
  Type 'MemoExoticComponent<({ data, selected }: NodeProps<WorkflowNodeData>) => Element>' is not assignable to type 'FunctionComponent<Pick<Node<Record<string, unknown>, string | undefined>, "data" | "id" | "height" | "width" | "sourcePosition" | "targetPosition" | "dragHandle" | "parentId"> & Required<...> & { ...; } & { ...; }>'.
    Types of parameters 'props' and 'props' are incompatible.
      Type 'Pick<Node<Record<string, unknown>, string | undefined>, "data" | "id" | "height" | "width" | "sourcePosition" | "targetPosition" | "dragHandle" | "parentId"> & Required<...> & { ...; } & { ...; }' is not assignable to type 'Pick<WorkflowNodeData, "data" | "id" | "height" | "width" | "sourcePosition" | "targetPosition" | "dragHandle" | "parentId"> & Required<Pick<WorkflowNodeData, "draggable" | ... 5 more ... | "deletable">> & { ...; }'.
        Type 'Pick<Node<Record<string, unknown>, string | undefined>, "data" | "id" | "height" | "width" | "sourcePosition" | "targetPosition" | "dragHandle" | "parentId"> & Required<...> & { ...; } & { ...; }' is not assignable to type 'Pick<WorkflowNodeData, "data" | "id" | "height" | "width" | "sourcePosition" | "targetPosition" | "dragHandle" | "parentId">'.
          Property 'height' is optional in type 'Pick<Node<Record<string, unknown>, string | undefined>, "data" | "id" | "height" | "width" | "sourcePosition" | "targetPosition" | "dragHandle" | "parentId"> & Required<...> & { ...; } & { ...; }' but required in type 'Pick<WorkflowNodeData, "data" | "id" | "height" | "width" | "sourcePosition" | "targetPosition" | "dragHandle" | "parentId">'.
app/dashboard-vibethink/workflow/components/workflow-canvas.tsx(63,66): error TS2345: Argument of type 'WorkflowNode[]' is not assignable to parameter of type 'Node[]'.
  Type 'WorkflowNode' is not assignable to type 'Node'.
    Type 'WorkflowNode' is not assignable to type '{ id: string; position: XYPosition; data: Record<string, unknown>; sourcePosition?: Position | undefined; targetPosition?: Position | undefined; ... 19 more ...; measured?: { ...; } | undefined; }'.
      Types of property 'data' are incompatible.
        Type 'WorkflowNodeData' is not assignable to type 'Record<string, unknown>'.
          Index signature for type 'string' is missing in type 'WorkflowNodeData'.
app/dashboard-vibethink/workflow/components/workflow-canvas.tsx(69,21): error TS2345: Argument of type 'Node[]' is not assignable to parameter of type 'WorkflowNode[]'.
  Type 'Node' is not assignable to type 'WorkflowNode'.
    Type 'Node' is not assignable to type '{ id: string; position: XYPosition; data: WorkflowNodeData; sourcePosition?: Position | undefined; targetPosition?: Position | undefined; ... 19 more ...; measured?: { ...; } | undefined; }'.
      Types of property 'data' are incompatible.
        Type 'Record<string, unknown>' is missing the following properties from type 'WorkflowNodeData': label, status, type
app/dashboard-vibethink/workflow/components/workflow-canvas.tsx(109,9): error TS2322: Type '(_event: React.MouseEvent, node: WorkflowNode) => void' is not assignable to type 'NodeMouseHandler<Node>'.
  Types of parameters 'node' and 'node' are incompatible.
    Type 'Node' is not assignable to type 'WorkflowNode'.
      Type 'Node' is not assignable to type '{ id: string; position: XYPosition; data: WorkflowNodeData; sourcePosition?: Position | undefined; targetPosition?: Position | undefined; ... 19 more ...; measured?: { ...; } | undefined; }'.
        Types of property 'data' are incompatible.
          Type 'Record<string, unknown>' is missing the following properties from type 'WorkflowNodeData': label, status, type
app/dashboard-vibethink/workflow/components/workflow-canvas.tsx(123,11): error TS2322: Type '"dots"' is not assignable to type 'BackgroundVariant | undefined'.
app/dashboard-vibethink/workflow/components/workflow-canvas.tsx(149,15): error TS2322: Type 'Node[]' is not assignable to type 'WorkflowNode[]'.
  Type 'Node' is not assignable to type 'WorkflowNode'.
    Type 'Node' is not assignable to type '{ id: string; position: XYPosition; data: WorkflowNodeData; sourcePosition?: Position | undefined; targetPosition?: Position | undefined; ... 19 more ...; measured?: { ...; } | undefined; }'.
      Types of property 'data' are incompatible.
        Type 'Record<string, unknown>' is missing the following properties from type 'WorkflowNodeData': label, status, type
app/dashboard-vibethink/workflow/types.ts(46,33): error TS2344: Type 'WorkflowNodeData' does not satisfy the constraint 'Record<string, unknown>'.
  Index signature for type 'string' is missing in type 'WorkflowNodeData'.
app/layout.tsx(89,17): error TS2367: This comparison appears to be unintentional because the types '"fr" | "en" | "es" | "zh" | "pt" | "de" | "it"' and '"ar"' have no overlap.
app/layout.tsx(89,43): error TS2367: This comparison appears to be unintentional because the types '"fr" | "en" | "es" | "zh" | "pt" | "de" | "it"' and '"he"' have no overlap.
app/layout.tsx(89,69): error TS2367: This comparison appears to be unintentional because the types '"fr" | "en" | "es" | "zh" | "pt" | "de" | "it"' and '"fa"' have no overlap.
app/layout.tsx(89,95): error TS2367: This comparison appears to be unintentional because the types '"fr" | "en" | "es" | "zh" | "pt" | "de" | "it"' and '"ur"' have no overlap.
app/layout.tsx(112,15): error TS2322: Type '"default"' is not assignable to type 'TranslationNamespace'.
app/mobile-test/page.tsx(4,58): error TS2307: Cannot find module '@/shared/components/ui/card' or its corresponding type declarations.
app/mobile-test/page.tsx(5,23): error TS2307: Cannot find module '@/shared/components/ui/badge' or its corresponding type declarations.
app/projects/page.tsx(254,15): error TS2322: Type '{ key: number; title: string; description: string; status: "active" | "pending" | "completed" | "archived"; progress: number; members: { name: string; avatar: string; role: string; }[] | { name: string; avatar: string; role: string; }[] | { ...; }[] | { ...; }[]; dueDate: string; budget: string; category: string; pr...' is not assignable to type 'IntrinsicAttributes & ProjectCardProps'.
  Property 'status' does not exist on type 'IntrinsicAttributes & ProjectCardProps'.
app/test-charts/page.tsx(7,30): error TS2307: Cannot find module '@/shared/components/dashboard/RevenueChart' or its corresponding type declarations.
app/test-charts/page.tsx(8,28): error TS2307: Cannot find module '@/shared/components/dashboard/MetricCard' or its corresponding type declarations.
apps/dashboard/components/ui/custom/prompt/input.tsx(3,26): error TS2307: Cannot find module '@/components/ui/textarea' or its corresponding type declarations.
lib/types/ai-context.ts(62,9): error TS2322: Type 'readonly [] | readonly ["gpt-3.5-turbo"] | readonly ["gpt-3.5-turbo", "gpt-4", "claude-3-opus"]' is not assignable to type 'string[]'.
  The type 'readonly []' is 'readonly' and cannot be assigned to the mutable type 'string[]'.
src/components/feature-gate.tsx(49,47): error TS2769: No overload matches this call.
  The last overload gave the following error.
    Object literal may only specify known properties, and 'disabled' does not exist in type 'Partial<unknown> & Attributes'.
src/components/feature-gate.tsx(49,77): error TS18046: 'children.props' is of type 'unknown'.
src/components/LanguageSwitcher.tsx(32,5): error TS2353: Object literal may only specify known properties, and 'ko' does not exist in type 'Record<"fr" | "en" | "es" | "zh" | "pt" | "de" | "it", string>'.
src/components/ui/custom/prompt/input.tsx(3,26): error TS2307: Cannot find module '@/components/ui/textarea' or its corresponding type declarations.
src/components/vibethink-sidebar.tsx(46,3): error TS2305: Module '"lucide-react"' has no exported member 'Hospital'.
src/lib/ai/__tests__/agent-context-pack.test.ts(10,50): error TS2307: Cannot find module '@jest/globals' or its corresponding type declarations.
src/lib/ai/provider.ts(14,15): error TS2305: Module '"ai"' has no exported member 'CoreMessage'.
src/lib/i18n/cli/commands/review.ts(131,33): error TS2345: Argument of type '{ action: "use_existing" | "create_new" | "skip"; key?: string | undefined; namespace?: string | undefined; notes?: string | undefined; } | undefined' is not assignable to parameter of type '{ action: "use_existing" | "create_new" | "skip"; key?: string | undefined; namespace?: string | undefined; notes?: string | undefined; }'.
  Type 'undefined' is not assignable to type '{ action: "use_existing" | "create_new" | "skip"; key?: string | undefined; namespace?: string | undefined; notes?: string | undefined; }'.
src/lib/i18n/client.tsx(12,32): error TS2307: Cannot find module 'i18next-resources-to-backend' or its corresponding type declarations.
src/lib/i18n/context.tsx(142,40): error TS2367: This comparison appears to be unintentional because the types '"fr" | "en" | "es" | "zh" | "pt" | "de" | "it" | "ko"' and '"he"' have no overlap.
src/lib/i18n/context.tsx(142,59): error TS2367: This comparison appears to be unintentional because the types '"fr" | "en" | "es" | "zh" | "pt" | "de" | "it" | "ko"' and '"fa"' have no overlap.
src/lib/i18n/context.tsx(142,78): error TS2367: This comparison appears to be unintentional because the types '"fr" | "en" | "es" | "zh" | "pt" | "de" | "it" | "ko"' and '"ur"' have no overlap.
src/lib/i18n/context.tsx(284,45): error TS2367: This comparison appears to be unintentional because the types '"fr" | "en" | "es" | "zh" | "pt" | "de" | "it" | "ko"' and '"he"' have no overlap.
src/lib/i18n/context.tsx(284,67): error TS2367: This comparison appears to be unintentional because the types '"fr" | "en" | "es" | "zh" | "pt" | "de" | "it" | "ko"' and '"fa"' have no overlap.
src/lib/i18n/context.tsx(284,89): error TS2367: This comparison appears to be unintentional because the types '"fr" | "en" | "es" | "zh" | "pt" | "de" | "it" | "ko"' and '"ur"' have no overlap.
src/lib/i18n/loader-impl.ts(30,47): error TS2345: Argument of type 'string' is not assignable to parameter of type 'Locale'.
src/lib/i18n/server.ts(9,32): error TS2307: Cannot find module 'i18next-resources-to-backend' or its corresponding type declarations.
src/lib/i18n/types.ts(106,13): error TS2456: Type alias 'TranslationDictionary' circularly references itself.
src/lib/types/ai-context.ts(62,9): error TS2322: Type 'readonly [] | readonly ["gpt-3.5-turbo"] | readonly ["gpt-3.5-turbo", "gpt-4", "claude-3-opus"]' is not assignable to type 'string[]'.
  The type 'readonly []' is 'readonly' and cannot be assigned to the mutable type 'string[]'.
src/middleware/api-key-validator.test.ts(1,32): error TS2307: Cannot find module '../api-key-validator' or its corresponding type declarations.
src/middleware/api-key-validator.test.ts(6,20): error TS2304: Cannot find name 'jest'.
src/middleware/api-key-validator.test.ts(7,20): error TS2304: Cannot find name 'jest'.
src/middleware/api-key-validator.test.ts(8,17): error TS2304: Cannot find name 'jest'.
src/middleware/api-key-validator.test.ts(11,11): error TS2304: Cannot find name 'jest'.
src/middleware/api-key-validator.test.ts(18,1): error TS2304: Cannot find name 'jest'.
src/middleware/api-key-validator.test.ts(22,1): error TS2582: Cannot find name 'describe'. Do you need to install type definitions for a test runner? Try `npm i --save-dev @types/jest` or `npm i --save-dev @types/mocha`.
src/middleware/api-key-validator.test.ts(38,5): error TS2304: Cannot find name 'beforeEach'.
src/middleware/api-key-validator.test.ts(39,9): error TS2304: Cannot find name 'jest'.
src/middleware/api-key-validator.test.ts(42,17): error TS2304: Cannot find name 'jest'.
src/middleware/api-key-validator.test.ts(43,21): error TS2304: Cannot find name 'jest'.
src/middleware/api-key-validator.test.ts(50,5): error TS2582: Cannot find name 'test'. Do you need to install type definitions for a test runner? Try `npm i --save-dev @types/jest` or `npm i --save-dev @types/mocha`.
src/middleware/api-key-validator.test.ts(52,9): error TS2304: Cannot find name 'expect'.
src/middleware/api-key-validator.test.ts(53,9): error TS2304: Cannot find name 'expect'.
src/middleware/api-key-validator.test.ts(56,5): error TS2582: Cannot find name 'test'. Do you need to install type definitions for a test runner? Try `npm i --save-dev @types/jest` or `npm i --save-dev @types/mocha`.
src/middleware/api-key-validator.test.ts(58,9): error TS2304: Cannot find name 'expect'.
src/middleware/api-key-validator.test.ts(59,9): error TS2304: Cannot find name 'expect'.
src/middleware/api-key-validator.test.ts(62,5): error TS2582: Cannot find name 'test'. Do you need to install type definitions for a test runner? Try `npm i --save-dev @types/jest` or `npm i --save-dev @types/mocha`.
src/middleware/api-key-validator.test.ts(64,17): error TS2304: Cannot find name 'jest'.
src/middleware/api-key-validator.test.ts(65,21): error TS2304: Cannot find name 'jest'.
src/middleware/api-key-validator.test.ts(69,9): error TS2304: Cannot find name 'expect'.
src/middleware/api-key-validator.test.ts(70,9): error TS2304: Cannot find name 'expect'.
src/middleware/api-key-validator.test.ts(73,5): error TS2582: Cannot find name 'test'. Do you need to install type definitions for a test runner? Try `npm i --save-dev @types/jest` or `npm i --save-dev @types/mocha`.
src/middleware/api-key-validator.test.ts(76,9): error TS2304: Cannot find name 'expect'.
src/middleware/api-key-validator.test.ts(77,9): error TS2304: Cannot find name 'expect'.
src/middleware/api-key-validator.test.ts(80,5): error TS2582: Cannot find name 'test'. Do you need to install type definitions for a test runner? Try `npm i --save-dev @types/jest` or `npm i --save-dev @types/mocha`.
src/middleware/api-key-validator.test.ts(85,9): error TS2304: Cannot find name 'expect'.
src/middleware/api-key-validator.test.ts(86,9): error TS2304: Cannot find name 'expect'.
src/middleware/api-key-validator.ts(115,10): error TS2339: Property 'catch' does not exist on type 'PromiseLike<void>'.
src/shared/components/booking/booking-card.tsx(22,38): error TS2307: Cannot find module '@/hooks/use-auto-detect-context' or its corresponding type declarations.
src/shared/components/booking/index.ts(5,42): error TS2724: '"./booking-card"' has no exported member named 'BookingCardProps'. Did you mean 'BookingCard'?
src/shared/components/bundui-premium/components/index.ts(1,15): error TS2307: Cannot find module './color-mode-selector' or its corresponding type declarations.
src/shared/components/bundui-premium/components/index.ts(2,15): error TS2307: Cannot find module './content-layout-selector' or its corresponding type declarations.
src/shared/components/bundui-premium/components/index.ts(3,15): error TS2307: Cannot find module './preset-selector' or its corresponding type declarations.
src/shared/components/bundui-premium/components/index.ts(4,15): error TS2307: Cannot find module './radius-selector' or its corresponding type declarations.
src/shared/components/bundui-premium/components/index.ts(5,15): error TS2307: Cannot find module './reset-theme' or its corresponding type declarations.
src/shared/components/bundui-premium/components/index.ts(6,15): error TS2307: Cannot find module './sidebar-mode-selector' or its corresponding type declarations.
src/shared/components/bundui-premium/components/index.ts(7,15): error TS2307: Cannot find module './scale-selector' or its corresponding type declarations.
src/shared/components/bundui-premium/components/layout/sidebar-bundui/nav-main.tsx(49,3): error TS2305: Module '"lucide-react"' has no exported member 'WalletMinimalIcon'.
src/shared/components/bundui-premium/components/ui/sidebar.tsx(20,26): error TS2307: Cannot find module '@/components/ui/skeleton' or its corresponding type declarations.
src/shared/components/vibethink-sidebar.tsx(45,3): error TS2305: Module '"lucide-react"' has no exported member 'Hospital'.
src/shared/data/bundui-nav-items.ts(12,3): error TS2305: Module '"lucide-react"' has no exported member 'ChartBarDecreasingIcon'.
src/shared/data/bundui-nav-items.ts(13,3): error TS2305: Module '"lucide-react"' has no exported member 'ChartPieIcon'.
src/shared/data/bundui-nav-items.ts(15,3): error TS2724: '"lucide-react"' has no exported member named 'ClipboardMinusIcon'. Did you mean 'ClipboardIcon'?
src/shared/data/bundui-nav-items.ts(24,3): error TS2724: '"lucide-react"' has no exported member named 'ImagesIcon'. Did you mean 'ImageIcon'?
src/shared/data/bundui-nav-items.ts(29,3): error TS2724: '"lucide-react"' has no exported member named 'ProportionsIcon'. Did you mean 'OptionIcon'?
src/shared/data/bundui-nav-items.ts(32,3): error TS2724: '"lucide-react"' has no exported member named 'SquareCheckIcon'. Did you mean 'SquareCodeIcon'?
src/shared/data/bundui-nav-items.ts(37,3): error TS2305: Module '"lucide-react"' has no exported member 'WalletMinimalIcon'.
src/shared/data/bundui-nav-items.ts(41,3): error TS2305: Module '"lucide-react"' has no exported member 'BrushCleaningIcon'.
src/shared/data/bundui-nav-items.ts(113,9): error TS2353: Object literal may only specify known properties, and 'badge' does not exist in type '{ title: string; href: string; icon?: LucideIcon | undefined; isComing?: boolean | undefined; isDataBadge?: string | undefined; isNew?: boolean | undefined; newTab?: boolean | undefined; items?: NavItem | undefined; }'.
../../packages/ui/src/components/calendar.tsx(63,9): error TS2353: Object literal may only specify known properties, and 'IconLeft' does not exist in type 'Partial<CustomComponents>'.
../../packages/ui/src/components/extensions/minimal-tiptap/minimal-tiptap.tsx(5,44): error TS2614: Module '"./hooks/use-minimal-tiptap"' has no exported member 'RichTextI18nLabels'. Did you mean to use 'import RichTextI18nLabels from "./hooks/use-minimal-tiptap"' instead?
../../packages/ui/src/components/extensions/minimal-tiptap/minimal-tiptap.tsx(71,41): error TS2322: Type '{ editor: Editor; labels: any; }' is not assignable to type 'IntrinsicAttributes & LinkBubbleMenuProps'.
  Property 'labels' does not exist on type 'IntrinsicAttributes & LinkBubbleMenuProps'.
../../packages/ui/src/components/layout/notifications.tsx(136,5): error TS2353: Object literal may only specify known properties, and 'has_notification' does not exist in type 'Notification'.
